#
# There is insufficient memory for the Java Runtime Environment to continue.
# Native memory allocation (malloc) failed to allocate 1103376 bytes for Chunk::new
# Possible reasons:
#   The system is out of physical RAM or swap space
#   The process is running with CompressedOops enabled, and the Java Heap may be blocking the growth of the native heap
# Possible solutions:
#   Reduce memory load on the system
#   Increase physical memory or swap space
#   Check if swap backing store is full
#   Decrease Java heap size (-Xmx/-Xms)
#   Decrease number of Java threads
#   Decrease Java thread stack sizes (-Xss)
#   Set larger code cache with -XX:ReservedCodeCacheSize=
#   JVM is running with Unscaled Compressed Oops mode in which the Java heap is
#     placed in the first 4GB address space. The Java Heap base address is the
#     maximum limit for the native heap growth. Please use -XX:HeapBaseMinAddress
#     to set the Java Heap base and to place the Java Heap above 4GB virtual address.
# This output file may be truncated or incomplete.
#
#  Out of Memory Error (t:/workspace/open/src/hotspot/share/memory/arena.cpp:197), pid=8228, tid=8544
#
# JRE version: Java(TM) SE Runtime Environment (11.0.4+10) (build 11.0.4+10-LTS)
# Java VM: Java HotSpot(TM) 64-Bit Server VM (11.0.4+10-LTS, mixed mode, tiered, compressed oops, g1 gc, windows-amd64)
# No core dump will be written. Minidumps are not enabled by default on client versions of Windows
#

---------------  S U M M A R Y ------------

Command Line: com.example.ARGOT.ArgotApplication

Host: Intel(R) Core(TM) i5-3210M CPU @ 2.50GHz, 4 cores, 7G,  Windows 10 , 64 bit Build 18362 (10.0.18362.86)
Time: Tue Dec 10 18:47:43 2019 Hora est. Pacífico, Sudamérica elapsed time: 2 seconds (0d 0h 0m 2s)

---------------  T H R E A D  ---------------

Current thread (0x000001d4acd19000):  JavaThread "C2 CompilerThread0" daemon [_thread_in_native, id=8544, stack(0x000000609ad00000,0x000000609ae00000)]


Current CompileTask:
C2:   2452 1823       4       jdk.internal.org.objectweb.asm.Frame::execute (2264 bytes)

Stack: [0x000000609ad00000,0x000000609ae00000]
Native frames: (J=compiled Java code, j=interpreted, Vv=VM code, C=native code)
V  [jvm.dll+0x635bda]
V  [jvm.dll+0x77360f]
V  [jvm.dll+0x774cba]
V  [jvm.dll+0x775373]
V  [jvm.dll+0x25e668]
V  [jvm.dll+0xc2391]
V  [jvm.dll+0xc291c]
V  [jvm.dll+0x36db92]
V  [jvm.dll+0x33a9c3]
V  [jvm.dll+0x339d9a]
V  [jvm.dll+0x218455]
V  [jvm.dll+0x2175fa]
V  [jvm.dll+0x194230]
V  [jvm.dll+0x2265bf]
V  [jvm.dll+0x224bc8]
V  [jvm.dll+0x7389ed]
V  [jvm.dll+0x634c82]
C  [ucrtbase.dll+0x1d912]
C  [KERNEL32.DLL+0x17bd4]
C  [ntdll.dll+0x6ce71]


---------------  P R O C E S S  ---------------

Threads class SMR info:
_java_thread_list=0x000001d4ae5866a0, length=14, elements={
0x000001d48e9a1000, 0x000001d4accd9800, 0x000001d4acd03000, 0x000001d4acd14800,
0x000001d4acd17000, 0x000001d4acd19000, 0x000001d4acd1d000, 0x000001d4acd2d800,
0x000001d4ad7ea000, 0x000001d4ad7f7000, 0x000001d4ae24d800, 0x000001d4ae4d0000,
0x000001d4ae643800, 0x000001d4ae444000
}

Java Threads: ( => current thread )
  0x000001d48e9a1000 JavaThread "main" [_thread_blocked, id=4628, stack(0x000000609a200000,0x000000609a300000)]
  0x000001d4accd9800 JavaThread "Reference Handler" daemon [_thread_blocked, id=5356, stack(0x000000609a900000,0x000000609aa00000)]
  0x000001d4acd03000 JavaThread "Finalizer" daemon [_thread_blocked, id=5388, stack(0x000000609aa00000,0x000000609ab00000)]
  0x000001d4acd14800 JavaThread "Signal Dispatcher" daemon [_thread_blocked, id=2356, stack(0x000000609ab00000,0x000000609ac00000)]
  0x000001d4acd17000 JavaThread "Attach Listener" daemon [_thread_blocked, id=7280, stack(0x000000609ac00000,0x000000609ad00000)]
=>0x000001d4acd19000 JavaThread "C2 CompilerThread0" daemon [_thread_in_native, id=8544, stack(0x000000609ad00000,0x000000609ae00000)]
  0x000001d4acd1d000 JavaThread "C1 CompilerThread0" daemon [_thread_blocked, id=10656, stack(0x000000609ae00000,0x000000609af00000)]
  0x000001d4acd2d800 JavaThread "Sweeper thread" daemon [_thread_blocked, id=2436, stack(0x000000609af00000,0x000000609b000000)]
  0x000001d4ad7ea000 JavaThread "Service Thread" daemon [_thread_blocked, id=688, stack(0x000000609b000000,0x000000609b100000)]
  0x000001d4ad7f7000 JavaThread "Common-Cleaner" daemon [_thread_blocked, id=5104, stack(0x000000609b200000,0x000000609b300000)]
  0x000001d4ae24d800 JavaThread "C2 CompilerThread1" daemon [_thread_blocked, id=9476, stack(0x000000609b300000,0x000000609b400000)]
  0x000001d4ae4d0000 JavaThread "Thread-0" [_thread_blocked, id=7364, stack(0x000000609b700000,0x000000609b800000)]
  0x000001d4ae643800 JavaThread "restartedMain" [_thread_in_vm, id=8068, stack(0x000000609b800000,0x000000609b900000)]
  0x000001d4ae444000 JavaThread "background-preinit" [_thread_in_vm, id=4100, stack(0x000000609b900000,0x000000609ba00000)]

Other Threads:
  0x000001d4accd4800 VMThread "VM Thread" [stack: 0x000000609a800000,0x000000609a900000] [id=820]
  0x000001d4ad7f1800 WatcherThread [stack: 0x000000609b100000,0x000000609b200000] [id=6744]
  0x000001d48e9b9000 GCTaskThread "GC Thread#0" [stack: 0x000000609a300000,0x000000609a400000] [id=10464]
  0x000001d4ae4d6800 GCTaskThread "GC Thread#1" [stack: 0x000000609b400000,0x000000609b500000] [id=7244]
  0x000001d4ae44e800 GCTaskThread "GC Thread#2" [stack: 0x000000609b500000,0x000000609b600000] [id=7680]
  0x000001d4ae6b9800 GCTaskThread "GC Thread#3" [stack: 0x000000609ba00000,0x000000609bb00000] [id=5816]
  0x000001d48e9e9000 ConcurrentGCThread "G1 Main Marker" [stack: 0x000000609a400000,0x000000609a500000] [id=10880]
  0x000001d48e9ea800 ConcurrentGCThread "G1 Conc#0" [stack: 0x000000609a500000,0x000000609a600000] [id=7136]
  0x000001d48ea6e000 ConcurrentGCThread "G1 Refine#0" [stack: 0x000000609a600000,0x000000609a700000] [id=3916]
  0x000001d4ada20800 ConcurrentGCThread "G1 Refine#1" [stack: 0x000000609b600000,0x000000609b700000] [id=10760]
  0x000001d4acb42800 ConcurrentGCThread "G1 Young RemSet Sampling" [stack: 0x000000609a700000,0x000000609a800000] [id=8684]

Threads with active compile tasks:
C2 CompilerThread01823       4       jdk.internal.org.objectweb.asm.Frame::execute (2264 bytes)

VM state:not at safepoint (normal execution)

VM Mutex/Monitor currently owned by a thread: None

Heap address: 0x0000000081c00000, size: 2020 MB, Compressed Oops mode: 32-bit
Narrow klass base: 0x0000000000000000, Narrow klass shift: 3
Compressed class space size: 1073741824 Address: 0x0000000100000000

Heap:
 garbage-first heap   total 131072K, used 14781K [0x0000000081c00000, 0x0000000100000000)
  region size 1024K, 10 young (10240K), 3 survivors (3072K)
 Metaspace       used 21938K, capacity 22427K, committed 22784K, reserved 1069056K
  class space    used 2531K, capacity 2702K, committed 2816K, reserved 1048576K
Heap Regions: E=young(eden), S=young(survivor), O=old, HS=humongous(starts), HC=humongous(continues), CS=collection set, F=free, A=archive, TAMS=top-at-mark-start (previous, next)
|   0|0x0000000081c00000, 0x0000000081d00000, 0x0000000081d00000|100%|HS|  |TAMS 0x0000000081d00000, 0x0000000081c00000| Complete 
|   1|0x0000000081d00000, 0x0000000081e00000, 0x0000000081e00000|100%| O|  |TAMS 0x0000000081e00000, 0x0000000081d00000| Untracked 
|   2|0x0000000081e00000, 0x0000000081f00000, 0x0000000081f00000|100%| O|  |TAMS 0x0000000081f00000, 0x0000000081e00000| Untracked 
|   3|0x0000000081f00000, 0x0000000082000000, 0x0000000082000000|100%| O|  |TAMS 0x0000000082000000, 0x0000000081f00000| Untracked 
|   4|0x0000000082000000, 0x0000000082100000, 0x0000000082100000|100%| O|  |TAMS 0x0000000082100000, 0x0000000082000000| Untracked 
|   5|0x0000000082100000, 0x00000000821bde00, 0x0000000082200000| 74%| O|  |TAMS 0x00000000821bde00, 0x0000000082100000| Untracked 
|   6|0x0000000082200000, 0x0000000082200000, 0x0000000082300000|  0%| F|  |TAMS 0x0000000082200000, 0x0000000082200000| Untracked 
|   7|0x0000000082300000, 0x0000000082300000, 0x0000000082400000|  0%| F|  |TAMS 0x0000000082300000, 0x0000000082300000| Untracked 
|   8|0x0000000082400000, 0x0000000082400000, 0x0000000082500000|  0%| F|  |TAMS 0x0000000082400000, 0x0000000082400000| Untracked 
|   9|0x0000000082500000, 0x0000000082500000, 0x0000000082600000|  0%| F|  |TAMS 0x0000000082500000, 0x0000000082500000| Untracked 
|  10|0x0000000082600000, 0x0000000082600000, 0x0000000082700000|  0%| F|  |TAMS 0x0000000082600000, 0x0000000082600000| Untracked 
|  11|0x0000000082700000, 0x0000000082700000, 0x0000000082800000|  0%| F|  |TAMS 0x0000000082700000, 0x0000000082700000| Untracked 
|  12|0x0000000082800000, 0x0000000082800000, 0x0000000082900000|  0%| F|  |TAMS 0x0000000082800000, 0x0000000082800000| Untracked 
|  13|0x0000000082900000, 0x0000000082900000, 0x0000000082a00000|  0%| F|  |TAMS 0x0000000082900000, 0x0000000082900000| Untracked 
|  14|0x0000000082a00000, 0x0000000082a00000, 0x0000000082b00000|  0%| F|  |TAMS 0x0000000082a00000, 0x0000000082a00000| Untracked 
|  15|0x0000000082b00000, 0x0000000082b00000, 0x0000000082c00000|  0%| F|  |TAMS 0x0000000082b00000, 0x0000000082b00000| Untracked 
|  16|0x0000000082c00000, 0x0000000082c00000, 0x0000000082d00000|  0%| F|  |TAMS 0x0000000082c00000, 0x0000000082c00000| Untracked 
|  17|0x0000000082d00000, 0x0000000082d00000, 0x0000000082e00000|  0%| F|  |TAMS 0x0000000082d00000, 0x0000000082d00000| Untracked 
|  18|0x0000000082e00000, 0x0000000082e00000, 0x0000000082f00000|  0%| F|  |TAMS 0x0000000082e00000, 0x0000000082e00000| Untracked 
|  19|0x0000000082f00000, 0x0000000082f00000, 0x0000000083000000|  0%| F|  |TAMS 0x0000000082f00000, 0x0000000082f00000| Untracked 
|  20|0x0000000083000000, 0x0000000083000000, 0x0000000083100000|  0%| F|  |TAMS 0x0000000083000000, 0x0000000083000000| Untracked 
|  21|0x0000000083100000, 0x0000000083100000, 0x0000000083200000|  0%| F|  |TAMS 0x0000000083100000, 0x0000000083100000| Untracked 
|  22|0x0000000083200000, 0x0000000083200000, 0x0000000083300000|  0%| F|  |TAMS 0x0000000083200000, 0x0000000083200000| Untracked 
|  23|0x0000000083300000, 0x0000000083300000, 0x0000000083400000|  0%| F|  |TAMS 0x0000000083300000, 0x0000000083300000| Untracked 
|  24|0x0000000083400000, 0x0000000083400000, 0x0000000083500000|  0%| F|  |TAMS 0x0000000083400000, 0x0000000083400000| Untracked 
|  25|0x0000000083500000, 0x0000000083500000, 0x0000000083600000|  0%| F|  |TAMS 0x0000000083500000, 0x0000000083500000| Untracked 
|  26|0x0000000083600000, 0x0000000083600000, 0x0000000083700000|  0%| F|  |TAMS 0x0000000083600000, 0x0000000083600000| Untracked 
|  27|0x0000000083700000, 0x0000000083700000, 0x0000000083800000|  0%| F|  |TAMS 0x0000000083700000, 0x0000000083700000| Untracked 
|  28|0x0000000083800000, 0x0000000083800000, 0x0000000083900000|  0%| F|  |TAMS 0x0000000083800000, 0x0000000083800000| Untracked 
|  29|0x0000000083900000, 0x0000000083900000, 0x0000000083a00000|  0%| F|  |TAMS 0x0000000083900000, 0x0000000083900000| Untracked 
|  30|0x0000000083a00000, 0x0000000083a00000, 0x0000000083b00000|  0%| F|  |TAMS 0x0000000083a00000, 0x0000000083a00000| Untracked 
|  31|0x0000000083b00000, 0x0000000083b00000, 0x0000000083c00000|  0%| F|  |TAMS 0x0000000083b00000, 0x0000000083b00000| Untracked 
|  32|0x0000000083c00000, 0x0000000083c00000, 0x0000000083d00000|  0%| F|  |TAMS 0x0000000083c00000, 0x0000000083c00000| Untracked 
|  33|0x0000000083d00000, 0x0000000083d00000, 0x0000000083e00000|  0%| F|  |TAMS 0x0000000083d00000, 0x0000000083d00000| Untracked 
|  34|0x0000000083e00000, 0x0000000083e00000, 0x0000000083f00000|  0%| F|  |TAMS 0x0000000083e00000, 0x0000000083e00000| Untracked 
|  35|0x0000000083f00000, 0x0000000083f00000, 0x0000000084000000|  0%| F|  |TAMS 0x0000000083f00000, 0x0000000083f00000| Untracked 
|  36|0x0000000084000000, 0x0000000084000000, 0x0000000084100000|  0%| F|  |TAMS 0x0000000084000000, 0x0000000084000000| Untracked 
|  37|0x0000000084100000, 0x0000000084100000, 0x0000000084200000|  0%| F|  |TAMS 0x0000000084100000, 0x0000000084100000| Untracked 
|  38|0x0000000084200000, 0x0000000084200000, 0x0000000084300000|  0%| F|  |TAMS 0x0000000084200000, 0x0000000084200000| Untracked 
|  39|0x0000000084300000, 0x0000000084300000, 0x0000000084400000|  0%| F|  |TAMS 0x0000000084300000, 0x0000000084300000| Untracked 
|  40|0x0000000084400000, 0x0000000084400000, 0x0000000084500000|  0%| F|  |TAMS 0x0000000084400000, 0x0000000084400000| Untracked 
|  41|0x0000000084500000, 0x0000000084500000, 0x0000000084600000|  0%| F|  |TAMS 0x0000000084500000, 0x0000000084500000| Untracked 
|  42|0x0000000084600000, 0x0000000084600000, 0x0000000084700000|  0%| F|  |TAMS 0x0000000084600000, 0x0000000084600000| Untracked 
|  43|0x0000000084700000, 0x0000000084700000, 0x0000000084800000|  0%| F|  |TAMS 0x0000000084700000, 0x0000000084700000| Untracked 
|  44|0x0000000084800000, 0x0000000084800000, 0x0000000084900000|  0%| F|  |TAMS 0x0000000084800000, 0x0000000084800000| Untracked 
|  45|0x0000000084900000, 0x0000000084900000, 0x0000000084a00000|  0%| F|  |TAMS 0x0000000084900000, 0x0000000084900000| Untracked 
|  46|0x0000000084a00000, 0x0000000084a00000, 0x0000000084b00000|  0%| F|  |TAMS 0x0000000084a00000, 0x0000000084a00000| Untracked 
|  47|0x0000000084b00000, 0x0000000084b00000, 0x0000000084c00000|  0%| F|  |TAMS 0x0000000084b00000, 0x0000000084b00000| Untracked 
|  48|0x0000000084c00000, 0x0000000084c00000, 0x0000000084d00000|  0%| F|  |TAMS 0x0000000084c00000, 0x0000000084c00000| Untracked 
|  49|0x0000000084d00000, 0x0000000084d00000, 0x0000000084e00000|  0%| F|  |TAMS 0x0000000084d00000, 0x0000000084d00000| Untracked 
|  50|0x0000000084e00000, 0x0000000084e00000, 0x0000000084f00000|  0%| F|  |TAMS 0x0000000084e00000, 0x0000000084e00000| Untracked 
|  51|0x0000000084f00000, 0x0000000084f00000, 0x0000000085000000|  0%| F|  |TAMS 0x0000000084f00000, 0x0000000084f00000| Untracked 
|  52|0x0000000085000000, 0x0000000085000000, 0x0000000085100000|  0%| F|  |TAMS 0x0000000085000000, 0x0000000085000000| Untracked 
|  53|0x0000000085100000, 0x0000000085100000, 0x0000000085200000|  0%| F|  |TAMS 0x0000000085100000, 0x0000000085100000| Untracked 
|  54|0x0000000085200000, 0x0000000085200000, 0x0000000085300000|  0%| F|  |TAMS 0x0000000085200000, 0x0000000085200000| Untracked 
|  55|0x0000000085300000, 0x0000000085300000, 0x0000000085400000|  0%| F|  |TAMS 0x0000000085300000, 0x0000000085300000| Untracked 
|  56|0x0000000085400000, 0x0000000085400000, 0x0000000085500000|  0%| F|  |TAMS 0x0000000085400000, 0x0000000085400000| Untracked 
|  57|0x0000000085500000, 0x0000000085500000, 0x0000000085600000|  0%| F|  |TAMS 0x0000000085500000, 0x0000000085500000| Untracked 
|  58|0x0000000085600000, 0x0000000085600000, 0x0000000085700000|  0%| F|  |TAMS 0x0000000085600000, 0x0000000085600000| Untracked 
|  59|0x0000000085700000, 0x0000000085700000, 0x0000000085800000|  0%| F|  |TAMS 0x0000000085700000, 0x0000000085700000| Untracked 
|  60|0x0000000085800000, 0x0000000085800000, 0x0000000085900000|  0%| F|  |TAMS 0x0000000085800000, 0x0000000085800000| Untracked 
|  61|0x0000000085900000, 0x0000000085900000, 0x0000000085a00000|  0%| F|  |TAMS 0x0000000085900000, 0x0000000085900000| Untracked 
|  62|0x0000000085a00000, 0x0000000085a00000, 0x0000000085b00000|  0%| F|  |TAMS 0x0000000085a00000, 0x0000000085a00000| Untracked 
|  63|0x0000000085b00000, 0x0000000085b00000, 0x0000000085c00000|  0%| F|  |TAMS 0x0000000085b00000, 0x0000000085b00000| Untracked 
|  64|0x0000000085c00000, 0x0000000085c00000, 0x0000000085d00000|  0%| F|  |TAMS 0x0000000085c00000, 0x0000000085c00000| Untracked 
|  65|0x0000000085d00000, 0x0000000085d00000, 0x0000000085e00000|  0%| F|  |TAMS 0x0000000085d00000, 0x0000000085d00000| Untracked 
|  66|0x0000000085e00000, 0x0000000085e00000, 0x0000000085f00000|  0%| F|  |TAMS 0x0000000085e00000, 0x0000000085e00000| Untracked 
|  67|0x0000000085f00000, 0x0000000085f00000, 0x0000000086000000|  0%| F|  |TAMS 0x0000000085f00000, 0x0000000085f00000| Untracked 
|  68|0x0000000086000000, 0x0000000086000000, 0x0000000086100000|  0%| F|  |TAMS 0x0000000086000000, 0x0000000086000000| Untracked 
|  69|0x0000000086100000, 0x0000000086100000, 0x0000000086200000|  0%| F|  |TAMS 0x0000000086100000, 0x0000000086100000| Untracked 
|  70|0x0000000086200000, 0x0000000086200000, 0x0000000086300000|  0%| F|  |TAMS 0x0000000086200000, 0x0000000086200000| Untracked 
|  71|0x0000000086300000, 0x0000000086300000, 0x0000000086400000|  0%| F|  |TAMS 0x0000000086300000, 0x0000000086300000| Untracked 
|  72|0x0000000086400000, 0x0000000086400000, 0x0000000086500000|  0%| F|  |TAMS 0x0000000086400000, 0x0000000086400000| Untracked 
|  73|0x0000000086500000, 0x0000000086500000, 0x0000000086600000|  0%| F|  |TAMS 0x0000000086500000, 0x0000000086500000| Untracked 
|  74|0x0000000086600000, 0x0000000086600000, 0x0000000086700000|  0%| F|  |TAMS 0x0000000086600000, 0x0000000086600000| Untracked 
|  75|0x0000000086700000, 0x0000000086700000, 0x0000000086800000|  0%| F|  |TAMS 0x0000000086700000, 0x0000000086700000| Untracked 
|  76|0x0000000086800000, 0x0000000086800000, 0x0000000086900000|  0%| F|  |TAMS 0x0000000086800000, 0x0000000086800000| Untracked 
|  77|0x0000000086900000, 0x0000000086900000, 0x0000000086a00000|  0%| F|  |TAMS 0x0000000086900000, 0x0000000086900000| Untracked 
|  78|0x0000000086a00000, 0x0000000086a00000, 0x0000000086b00000|  0%| F|  |TAMS 0x0000000086a00000, 0x0000000086a00000| Untracked 
|  79|0x0000000086b00000, 0x0000000086b00000, 0x0000000086c00000|  0%| F|  |TAMS 0x0000000086b00000, 0x0000000086b00000| Untracked 
|  80|0x0000000086c00000, 0x0000000086c00000, 0x0000000086d00000|  0%| F|  |TAMS 0x0000000086c00000, 0x0000000086c00000| Untracked 
|  81|0x0000000086d00000, 0x0000000086d00000, 0x0000000086e00000|  0%| F|  |TAMS 0x0000000086d00000, 0x0000000086d00000| Untracked 
|  82|0x0000000086e00000, 0x0000000086e00000, 0x0000000086f00000|  0%| F|  |TAMS 0x0000000086e00000, 0x0000000086e00000| Untracked 
|  83|0x0000000086f00000, 0x0000000086f00000, 0x0000000087000000|  0%| F|  |TAMS 0x0000000086f00000, 0x0000000086f00000| Untracked 
|  84|0x0000000087000000, 0x0000000087000000, 0x0000000087100000|  0%| F|  |TAMS 0x0000000087000000, 0x0000000087000000| Untracked 
|  85|0x0000000087100000, 0x0000000087100000, 0x0000000087200000|  0%| F|  |TAMS 0x0000000087100000, 0x0000000087100000| Untracked 
|  86|0x0000000087200000, 0x0000000087200000, 0x0000000087300000|  0%| F|  |TAMS 0x0000000087200000, 0x0000000087200000| Untracked 
|  87|0x0000000087300000, 0x0000000087300000, 0x0000000087400000|  0%| F|  |TAMS 0x0000000087300000, 0x0000000087300000| Untracked 
|  88|0x0000000087400000, 0x0000000087400000, 0x0000000087500000|  0%| F|  |TAMS 0x0000000087400000, 0x0000000087400000| Untracked 
|  89|0x0000000087500000, 0x0000000087500000, 0x0000000087600000|  0%| F|  |TAMS 0x0000000087500000, 0x0000000087500000| Untracked 
|  90|0x0000000087600000, 0x0000000087600000, 0x0000000087700000|  0%| F|  |TAMS 0x0000000087600000, 0x0000000087600000| Untracked 
|  91|0x0000000087700000, 0x0000000087700000, 0x0000000087800000|  0%| F|  |TAMS 0x0000000087700000, 0x0000000087700000| Untracked 
|  92|0x0000000087800000, 0x0000000087800000, 0x0000000087900000|  0%| F|  |TAMS 0x0000000087800000, 0x0000000087800000| Untracked 
|  93|0x0000000087900000, 0x0000000087900000, 0x0000000087a00000|  0%| F|  |TAMS 0x0000000087900000, 0x0000000087900000| Untracked 
|  94|0x0000000087a00000, 0x0000000087a00000, 0x0000000087b00000|  0%| F|  |TAMS 0x0000000087a00000, 0x0000000087a00000| Untracked 
|  95|0x0000000087b00000, 0x0000000087b00000, 0x0000000087c00000|  0%| F|  |TAMS 0x0000000087b00000, 0x0000000087b00000| Untracked 
|  96|0x0000000087c00000, 0x0000000087c00000, 0x0000000087d00000|  0%| F|  |TAMS 0x0000000087c00000, 0x0000000087c00000| Untracked 
|  97|0x0000000087d00000, 0x0000000087d00000, 0x0000000087e00000|  0%| F|  |TAMS 0x0000000087d00000, 0x0000000087d00000| Untracked 
|  98|0x0000000087e00000, 0x0000000087e00000, 0x0000000087f00000|  0%| F|  |TAMS 0x0000000087e00000, 0x0000000087e00000| Untracked 
|  99|0x0000000087f00000, 0x0000000087f00000, 0x0000000088000000|  0%| F|  |TAMS 0x0000000087f00000, 0x0000000087f00000| Untracked 
| 100|0x0000000088000000, 0x0000000088000000, 0x0000000088100000|  0%| F|  |TAMS 0x0000000088000000, 0x0000000088000000| Untracked 
| 101|0x0000000088100000, 0x0000000088100000, 0x0000000088200000|  0%| F|  |TAMS 0x0000000088100000, 0x0000000088100000| Untracked 
| 102|0x0000000088200000, 0x0000000088200000, 0x0000000088300000|  0%| F|  |TAMS 0x0000000088200000, 0x0000000088200000| Untracked 
| 103|0x0000000088300000, 0x0000000088300000, 0x0000000088400000|  0%| F|  |TAMS 0x0000000088300000, 0x0000000088300000| Untracked 
| 104|0x0000000088400000, 0x0000000088400000, 0x0000000088500000|  0%| F|  |TAMS 0x0000000088400000, 0x0000000088400000| Untracked 
| 105|0x0000000088500000, 0x0000000088500000, 0x0000000088600000|  0%| F|  |TAMS 0x0000000088500000, 0x0000000088500000| Untracked 
| 106|0x0000000088600000, 0x0000000088600000, 0x0000000088700000|  0%| F|  |TAMS 0x0000000088600000, 0x0000000088600000| Untracked 
| 107|0x0000000088700000, 0x0000000088700000, 0x0000000088800000|  0%| F|  |TAMS 0x0000000088700000, 0x0000000088700000| Untracked 
| 108|0x0000000088800000, 0x0000000088800000, 0x0000000088900000|  0%| F|  |TAMS 0x0000000088800000, 0x0000000088800000| Untracked 
| 109|0x0000000088900000, 0x0000000088900000, 0x0000000088a00000|  0%| F|  |TAMS 0x0000000088900000, 0x0000000088900000| Untracked 
| 110|0x0000000088a00000, 0x0000000088ab1930, 0x0000000088b00000| 69%| S|CS|TAMS 0x0000000088a00000, 0x0000000088a00000| Complete 
| 111|0x0000000088b00000, 0x0000000088c00000, 0x0000000088c00000|100%| S|CS|TAMS 0x0000000088b00000, 0x0000000088b00000| Complete 
| 112|0x0000000088c00000, 0x0000000088d00000, 0x0000000088d00000|100%| S|CS|TAMS 0x0000000088c00000, 0x0000000088c00000| Complete 
| 113|0x0000000088d00000, 0x0000000088d00000, 0x0000000088e00000|  0%| F|  |TAMS 0x0000000088d00000, 0x0000000088d00000| Untracked 
| 114|0x0000000088e00000, 0x0000000088e00000, 0x0000000088f00000|  0%| F|  |TAMS 0x0000000088e00000, 0x0000000088e00000| Untracked 
| 115|0x0000000088f00000, 0x0000000088f00000, 0x0000000089000000|  0%| F|  |TAMS 0x0000000088f00000, 0x0000000088f00000| Untracked 
| 116|0x0000000089000000, 0x0000000089000000, 0x0000000089100000|  0%| F|  |TAMS 0x0000000089000000, 0x0000000089000000| Untracked 
| 117|0x0000000089100000, 0x0000000089100000, 0x0000000089200000|  0%| F|  |TAMS 0x0000000089100000, 0x0000000089100000| Untracked 
| 118|0x0000000089200000, 0x0000000089200000, 0x0000000089300000|  0%| F|  |TAMS 0x0000000089200000, 0x0000000089200000| Untracked 
| 119|0x0000000089300000, 0x0000000089300000, 0x0000000089400000|  0%| F|  |TAMS 0x0000000089300000, 0x0000000089300000| Untracked 
| 120|0x0000000089400000, 0x0000000089400000, 0x0000000089500000|  0%| F|  |TAMS 0x0000000089400000, 0x0000000089400000| Untracked 
| 121|0x0000000089500000, 0x0000000089600000, 0x0000000089600000|100%| E|  |TAMS 0x0000000089500000, 0x0000000089500000| Complete 
| 122|0x0000000089600000, 0x0000000089700000, 0x0000000089700000|100%| E|CS|TAMS 0x0000000089600000, 0x0000000089600000| Complete 
| 123|0x0000000089700000, 0x0000000089800000, 0x0000000089800000|100%| E|CS|TAMS 0x0000000089700000, 0x0000000089700000| Complete 
| 124|0x0000000089800000, 0x0000000089900000, 0x0000000089900000|100%| E|CS|TAMS 0x0000000089800000, 0x0000000089800000| Complete 
| 125|0x0000000089900000, 0x0000000089a00000, 0x0000000089a00000|100%| E|CS|TAMS 0x0000000089900000, 0x0000000089900000| Complete 
| 126|0x0000000089a00000, 0x0000000089b00000, 0x0000000089b00000|100%| E|CS|TAMS 0x0000000089a00000, 0x0000000089a00000| Complete 
| 127|0x0000000089b00000, 0x0000000089c00000, 0x0000000089c00000|100%| E|CS|TAMS 0x0000000089b00000, 0x0000000089b00000| Complete 

Card table byte_map: [0x000001d4a60e0000,0x000001d4a64e0000] _byte_map_base: 0x000001d4a5cd2000

Marking Bits (Prev, Next): (CMBitMap*) 0x000001d48e9e04a0, (CMBitMap*) 0x000001d48e9e0468
 Prev Bits: [0x000001d4a8870000, 0x000001d4aa800000)
 Next Bits: [0x000001d4a68e0000, 0x000001d4a8870000)

Polling page: 0x000001d48c960000

Metaspace:

Usage:
  Non-class:     19.39 MB capacity,    19.03 MB ( 98%) used,   312.00 KB (  2%) free+waste,    53.31 KB ( <1%) overhead. 
      Class:      2.67 MB capacity,     2.48 MB ( 93%) used,   165.03 KB (  6%) free+waste,    26.19 KB ( <1%) overhead. 
       Both:     22.06 MB capacity,    21.52 MB ( 98%) used,   477.03 KB (  2%) free+waste,    79.50 KB ( <1%) overhead. 

Virtual space:
  Non-class space:       20.00 MB reserved,      19.50 MB ( 98%) committed 
      Class space:        1.00 GB reserved,       2.75 MB ( <1%) committed 
             Both:        1.02 GB reserved,      22.25 MB (  2%) committed 

Chunk freelists:
   Non-Class:  6.13 KB
       Class:  2.13 KB
        Both:  8.25 KB

CodeHeap 'non-profiled nmethods': size=120064Kb used=680Kb max_used=680Kb free=119383Kb
 bounds [0x000001d49e7a0000, 0x000001d49ea10000, 0x000001d4a5ce0000]
CodeHeap 'profiled nmethods': size=120000Kb used=3322Kb max_used=3322Kb free=116677Kb
 bounds [0x000001d497270000, 0x000001d4975c0000, 0x000001d49e7a0000]
CodeHeap 'non-nmethods': size=5696Kb used=1116Kb max_used=1140Kb free=4579Kb
 bounds [0x000001d496ce0000, 0x000001d496f50000, 0x000001d497270000]
 total_blobs=2723 nmethods=1731 adapters=340
 compilation: enabled
              stopped_count=0, restarted_count=0
 full_count=0

Compilation events (10 events):
Event: 2.407 Thread 0x000001d4acd1d000 nmethod 1863 0x000001d4972c5a10 code [0x000001d4972c5c20, 0x000001d4972c6220]
Event: 2.407 Thread 0x000001d4acd1d000 1864       1       ch.qos.logback.core.pattern.Converter::getNext (5 bytes)
Event: 2.407 Thread 0x000001d4acd1d000 nmethod 1864 0x000001d49e846f90 code [0x000001d49e847140, 0x000001d49e847258]
Event: 2.412 Thread 0x000001d4ae24d800 1865       4       java.lang.String::indexOf (113 bytes)
Event: 2.415 Thread 0x000001d4ae24d800 nmethod 1865 0x000001d49e847310 code [0x000001d49e8474a0, 0x000001d49e847798]
Event: 2.420 Thread 0x000001d4ae24d800 1866   !   4       java.util.WeakHashMap::expungeStaleEntries (139 bytes)
Event: 2.440 Thread 0x000001d4acd1d000 1867       3       java.lang.invoke.DirectMethodHandle::preparedLambdaForm (248 bytes)
Event: 2.442 Thread 0x000001d4acd1d000 nmethod 1867 0x000001d4972de990 code [0x000001d4972dec60, 0x000001d4972df760]
Event: 2.444 Thread 0x000001d4acd1d000 1868       3       java.util.zip.ZipUtils::get16 (21 bytes)
Event: 2.444 Thread 0x000001d4acd1d000 nmethod 1868 0x000001d4972b0990 code [0x000001d4972b0b40, 0x000001d4972b0cd8]

GC Heap History (10 events):
Event: 0.821 GC heap before
{Heap before GC invocations=0 (full 0):
 garbage-first heap   total 131072K, used 14336K [0x0000000081c00000, 0x0000000100000000)
  region size 1024K, 14 young (14336K), 0 survivors (0K)
 Metaspace       used 9179K, capacity 9310K, committed 9344K, reserved 1058816K
  class space    used 832K, capacity 870K, committed 896K, reserved 1048576K
}
Event: 0.828 GC heap after
{Heap after GC invocations=1 (full 0):
 garbage-first heap   total 131072K, used 5733K [0x0000000081c00000, 0x0000000100000000)
  region size 1024K, 2 young (2048K), 2 survivors (2048K)
 Metaspace       used 9179K, capacity 9310K, committed 9344K, reserved 1058816K
  class space    used 832K, capacity 870K, committed 896K, reserved 1048576K
}
Event: 1.083 GC heap before
{Heap before GC invocations=1 (full 0):
 garbage-first heap   total 131072K, used 12901K [0x0000000081c00000, 0x0000000100000000)
  region size 1024K, 10 young (10240K), 2 survivors (2048K)
 Metaspace       used 10862K, capacity 11057K, committed 11136K, reserved 1058816K
  class space    used 1045K, capacity 1135K, committed 1152K, reserved 1048576K
}
Event: 1.088 GC heap after
{Heap after GC invocations=2 (full 0):
 garbage-first heap   total 131072K, used 6318K [0x0000000081c00000, 0x0000000100000000)
  region size 1024K, 1 young (1024K), 1 survivors (1024K)
 Metaspace       used 10862K, capacity 11057K, committed 11136K, reserved 1058816K
  class space    used 1045K, capacity 1135K, committed 1152K, reserved 1048576K
}
Event: 1.109 GC heap before
{Heap before GC invocations=2 (full 0):
 garbage-first heap   total 131072K, used 31918K [0x0000000081c00000, 0x0000000100000000)
  region size 1024K, 27 young (27648K), 1 survivors (1024K)
 Metaspace       used 10862K, capacity 11057K, committed 11136K, reserved 1058816K
  class space    used 1045K, capacity 1135K, committed 1152K, reserved 1048576K
}
Event: 1.110 GC heap after
{Heap after GC invocations=3 (full 0):
 garbage-first heap   total 131072K, used 6375K [0x0000000081c00000, 0x0000000100000000)
  region size 1024K, 1 young (1024K), 1 survivors (1024K)
 Metaspace       used 10862K, capacity 11057K, committed 11136K, reserved 1058816K
  class space    used 1045K, capacity 1135K, committed 1152K, reserved 1048576K
}
Event: 2.012 GC heap before
{Heap before GC invocations=3 (full 0):
 garbage-first heap   total 131072K, used 51431K [0x0000000081c00000, 0x0000000100000000)
  region size 1024K, 46 young (47104K), 1 survivors (1024K)
 Metaspace       used 18192K, capacity 18618K, committed 18944K, reserved 1067008K
  class space    used 2047K, capacity 2216K, committed 2304K, reserved 1048576K
}
Event: 2.017 GC heap after
{Heap after GC invocations=4 (full 0):
 garbage-first heap   total 131072K, used 7943K [0x0000000081c00000, 0x0000000100000000)
  region size 1024K, 3 young (3072K), 3 survivors (3072K)
 Metaspace       used 18192K, capacity 18618K, committed 18944K, reserved 1067008K
  class space    used 2047K, capacity 2216K, committed 2304K, reserved 1048576K
}
Event: 2.347 GC heap before
{Heap before GC invocations=4 (full 0):
 garbage-first heap   total 131072K, used 22279K [0x0000000081c00000, 0x0000000100000000)
  region size 1024K, 18 young (18432K), 3 survivors (3072K)
 Metaspace       used 20590K, capacity 21074K, committed 21248K, reserved 1069056K
  class space    used 2365K, capacity 2548K, committed 2560K, reserved 1048576K
}
Event: 2.354 GC heap after
{Heap after GC invocations=5 (full 0):
 garbage-first heap   total 131072K, used 8637K [0x0000000081c00000, 0x0000000100000000)
  region size 1024K, 3 young (3072K), 3 survivors (3072K)
 Metaspace       used 20590K, capacity 21074K, committed 21248K, reserved 1069056K
  class space    used 2365K, capacity 2548K, committed 2560K, reserved 1048576K
}

Deoptimization events (10 events):
Event: 1.989 Thread 0x000001d4ae444000 Uncommon trap: reason=class_check action=maybe_recompile pc=0x000001d49e7e2234 method=java.util.HashMap.putVal(ILjava/lang/Object;Ljava/lang/Object;ZZ)Ljava/lang/Object; @ 203 c2
Event: 1.989 Thread 0x000001d4ae444000 Uncommon trap: reason=unstable_if action=reinterpret pc=0x000001d49e7ee528 method=java.util.HashMap.getNode(ILjava/lang/Object;)Ljava/util/HashMap$Node; @ 129 c2
Event: 2.099 Thread 0x000001d4ae643800 Uncommon trap: reason=class_check action=maybe_recompile pc=0x000001d49e7e2234 method=java.util.HashMap.putVal(ILjava/lang/Object;Ljava/lang/Object;ZZ)Ljava/lang/Object; @ 203 c2
Event: 2.150 Thread 0x000001d4ae444000 Uncommon trap: reason=class_check action=maybe_recompile pc=0x000001d49e7e2234 method=java.util.HashMap.putVal(ILjava/lang/Object;Ljava/lang/Object;ZZ)Ljava/lang/Object; @ 203 c2
Event: 2.182 Thread 0x000001d4ae444000 Uncommon trap: reason=unstable_if action=reinterpret pc=0x000001d49e7f8314 method=java.util.concurrent.ConcurrentHashMap.get(Ljava/lang/Object;)Ljava/lang/Object; @ 76 c2
Event: 2.199 Thread 0x000001d4ae444000 Uncommon trap: reason=class_check action=maybe_recompile pc=0x000001d49e7e2234 method=java.util.HashMap.putVal(ILjava/lang/Object;Ljava/lang/Object;ZZ)Ljava/lang/Object; @ 203 c2
Event: 2.248 Thread 0x000001d4ae643800 Uncommon trap: reason=class_check action=maybe_recompile pc=0x000001d49e7c1f50 method=java.lang.String.equals(Ljava/lang/Object;)Z @ 8 c2
Event: 2.325 Thread 0x000001d4ae643800 Uncommon trap: reason=class_check action=maybe_recompile pc=0x000001d49e7c1f50 method=java.lang.String.equals(Ljava/lang/Object;)Z @ 8 c2
Event: 2.325 Thread 0x000001d4ae643800 Uncommon trap: reason=class_check action=maybe_recompile pc=0x000001d49e7c1f50 method=java.lang.String.equals(Ljava/lang/Object;)Z @ 8 c2
Event: 2.325 Thread 0x000001d4ae643800 Uncommon trap: reason=class_check action=maybe_recompile pc=0x000001d49e7c1f50 method=java.lang.String.equals(Ljava/lang/Object;)Z @ 8 c2

Classes redefined (0 events):
No events

Internal exceptions (10 events):
Event: 1.682 Thread 0x000001d4ae643800 Exception <a 'java/lang/NoSuchMethodError'{0x0000000087ff7e10}: java.lang.invoke.DirectMethodHandle$Holder.invokeStatic(Ljava/lang/Object;Ljava/lang/Object;Ljava/lang/Object;Ljava/lang/Object;)V> (0x0000000087ff7e10) thrown at [t:/workspace/open/src/hotsp
Event: 1.751 Thread 0x000001d4ae643800 Exception <a 'java/lang/NoSuchMethodError'{0x0000000087ce8ff0}: java.lang.invoke.DirectMethodHandle$Holder.invokeStaticInit(Ljava/lang/Object;Ljava/lang/Object;)V> (0x0000000087ce8ff0) thrown at [t:/workspace/open/src/hotspot/share/interpreter/linkResolve
Event: 1.932 Thread 0x000001d4ae643800 Exception <a 'java/lang/NoSuchMethodError'{0x00000000874c42b0}: java.lang.invoke.DirectMethodHandle$Holder.invokeSpecial(Ljava/lang/Object;Ljava/lang/Object;Ljava/lang/Object;Ljava/lang/Object;Ljava/lang/Object;)V> (0x00000000874c42b0) thrown at [t:/works
Event: 2.000 Thread 0x000001d4ae643800 Exception <a 'java/lang/NoSuchMethodError'{0x0000000086e2b858}: java.lang.invoke.DirectMethodHandle$Holder.invokeSpecialIFC(Ljava/lang/Object;Ljava/lang/Object;I)I> (0x0000000086e2b858) thrown at [t:/workspace/open/src/hotspot/share/interpreter/linkResolv
Event: 2.204 Thread 0x000001d4ae643800 Exception <a 'java/lang/NoSuchMethodError'{0x000000008925ac58}: org.slf4j.impl.StaticMDCBinder.getSingleton()Lorg/slf4j/impl/StaticMDCBinder;> (0x000000008925ac58) thrown at [t:/workspace/open/src/hotspot/share/interpreter/linkResolver.cpp, line 772]
Event: 2.270 Thread 0x000001d4ae444000 Exception <a 'java/lang/NoSuchMethodError'{0x0000000088f9bd38}: java.lang.invoke.DirectMethodHandle$Holder.invokeInterface(Ljava/lang/Object;Ljava/lang/Object;)I> (0x0000000088f9bd38) thrown at [t:/workspace/open/src/hotspot/share/interpreter/linkResolver
Event: 2.291 Thread 0x000001d4ae444000 Exception <a 'java/lang/NoSuchMethodError'{0x0000000088e35498}: java.lang.invoke.DirectMethodHandle$Holder.invokeStaticInit(Ljava/lang/Object;Ljava/lang/Object;Ljava/lang/Object;Ljava/lang/Object;Ljava/lang/Object;)Ljava/lang/Object;> (0x0000000088e35498)
Event: 2.329 Thread 0x000001d4ae444000 Exception <a 'java/lang/NoSuchMethodError'{0x0000000088d20870}: java.lang.invoke.DirectMethodHandle$Holder.invokeSpecial(Ljava/lang/Object;Ljava/lang/Object;IILjava/lang/Object;Ljava/lang/Object;Ljava/lang/Object;)Ljava/lang/Object;> (0x0000000088d20870) 
Event: 2.329 Thread 0x000001d4ae444000 Exception <a 'java/lang/NoSuchMethodError'{0x0000000088d23df8}: java.lang.invoke.DelegatingMethodHandle$Holder.reinvoke_L(Ljava/lang/Object;IILjava/lang/Object;Ljava/lang/Object;Ljava/lang/Object;)Ljava/lang/Object;> (0x0000000088d23df8) thrown at [t:/wor
Event: 2.330 Thread 0x000001d4ae444000 Exception <a 'java/lang/NoSuchMethodError'{0x0000000088d27cd8}: java.lang.invoke.DirectMethodHandle$Holder.invokeStatic(Ljava/lang/Object;Ljava/lang/Object;Ljava/lang/Object;Ljava/lang/Object;I)Ljava/lang/Object;> (0x0000000088d27cd8) thrown at [t:/worksp

Events (10 events):
Event: 2.444 loading class org/springframework/beans/factory/support/ChildBeanDefinition
Event: 2.444 loading class org/springframework/beans/factory/support/ChildBeanDefinition done
Event: 2.445 loading class org/springframework/beans/MutablePropertyValues
Event: 2.445 loading class org/springframework/beans/MutablePropertyValues done
Event: 2.446 loading class com/fasterxml/jackson/databind/introspect/JacksonAnnotationIntrospector
Event: 2.446 loading class com/fasterxml/jackson/databind/introspect/JacksonAnnotationIntrospector done
Event: 2.447 loading class org/springframework/beans/factory/config/RuntimeBeanReference
Event: 2.447 loading class org/springframework/beans/factory/config/RuntimeBeanReference done
Event: 2.447 loading class org/springframework/beans/factory/config/BeanReference
Event: 2.447 loading class org/springframework/beans/factory/config/BeanReference done


Dynamic libraries:
0x00007ff6728f0000 - 0x00007ff672937000 	C:\Program Files\Java\jdk-11.0.4\bin\java.exe
0x00007ff8d4980000 - 0x00007ff8d4b70000 	C:\Windows\SYSTEM32\ntdll.dll
0x00007ff8d4670000 - 0x00007ff8d4722000 	C:\Windows\System32\KERNEL32.DLL
0x00007ff8d1c00000 - 0x00007ff8d1ea3000 	C:\Windows\System32\KERNELBASE.dll
0x00007ff8d4890000 - 0x00007ff8d4933000 	C:\Windows\System32\ADVAPI32.dll
0x00007ff8d3810000 - 0x00007ff8d38ae000 	C:\Windows\System32\msvcrt.dll
0x00007ff8d45d0000 - 0x00007ff8d4667000 	C:\Windows\System32\sechost.dll
0x00007ff8d4350000 - 0x00007ff8d4470000 	C:\Windows\System32\RPCRT4.dll
0x00007ff8d2b20000 - 0x00007ff8d2cb3000 	C:\Windows\System32\USER32.dll
0x00007ff8d2a10000 - 0x00007ff8d2a31000 	C:\Windows\System32\win32u.dll
0x00007ff8d35a0000 - 0x00007ff8d35c6000 	C:\Windows\System32\GDI32.dll
0x00007ff8d1a60000 - 0x00007ff8d1bf4000 	C:\Windows\System32\gdi32full.dll
0x00007ff8d2060000 - 0x00007ff8d20fe000 	C:\Windows\System32\msvcp_win.dll
0x00007ff8d2190000 - 0x00007ff8d228a000 	C:\Windows\System32\ucrtbase.dll
0x00007ff8c3cc0000 - 0x00007ff8c3f45000 	C:\Windows\WinSxS\amd64_microsoft.windows.common-controls_6595b64144ccf1df_6.0.18362.145_none_e6c3ab8b131013d6\COMCTL32.dll
0x00007ff8d3f90000 - 0x00007ff8d42c6000 	C:\Windows\System32\combase.dll
0x00007ff8c2680000 - 0x00007ff8c268a000 	C:\Windows\SYSTEM32\VERSION.dll
0x00007ff8d1f80000 - 0x00007ff8d2001000 	C:\Windows\System32\bcryptPrimitives.dll
0x00007ff8d2a40000 - 0x00007ff8d2a6e000 	C:\Windows\System32\IMM32.DLL
0x00007ff8cec50000 - 0x00007ff8cec66000 	C:\Program Files\Java\jdk-11.0.4\bin\vcruntime140.dll
0x00007ff8c2980000 - 0x00007ff8c2a2a000 	C:\Program Files\Java\jdk-11.0.4\bin\msvcp140.dll
0x00007ff8aedf0000 - 0x00007ff8af917000 	C:\Program Files\Java\jdk-11.0.4\bin\server\jvm.dll
0x00007ff8d3130000 - 0x00007ff8d3138000 	C:\Windows\System32\PSAPI.DLL
0x00007ff8c0430000 - 0x00007ff8c0439000 	C:\Windows\SYSTEM32\WSOCK32.dll
0x00007ff8d3140000 - 0x00007ff8d31af000 	C:\Windows\System32\WS2_32.dll
0x00007ff8ce750000 - 0x00007ff8ce774000 	C:\Windows\SYSTEM32\WINMM.dll
0x00007ff8ce720000 - 0x00007ff8ce74d000 	C:\Windows\SYSTEM32\winmmbase.dll
0x00007ff8d2010000 - 0x00007ff8d205a000 	C:\Windows\System32\cfgmgr32.dll
0x00007ff8d1880000 - 0x00007ff8d1891000 	C:\Windows\System32\kernel.appcore.dll
0x00007ff8cbed0000 - 0x00007ff8cbee1000 	C:\Program Files\Java\jdk-11.0.4\bin\verify.dll
0x00007ff8bfb00000 - 0x00007ff8bfcf4000 	C:\Windows\SYSTEM32\DBGHELP.DLL
0x00007ff8c0680000 - 0x00007ff8c06aa000 	C:\Windows\SYSTEM32\dbgcore.DLL
0x00007ff8c9700000 - 0x00007ff8c9729000 	C:\Program Files\Java\jdk-11.0.4\bin\java.dll
0x00007ff8cb6b0000 - 0x00007ff8cb6c6000 	C:\Program Files\Java\jdk-11.0.4\bin\zip.dll
0x00007ff8cdd70000 - 0x00007ff8cdd7a000 	C:\Program Files\Java\jdk-11.0.4\bin\jimage.dll
0x00007ff8d38b0000 - 0x00007ff8d3f90000 	C:\Windows\System32\SHELL32.dll
0x00007ff8d33c0000 - 0x00007ff8d3469000 	C:\Windows\System32\shcore.dll
0x00007ff8d2290000 - 0x00007ff8d2a0b000 	C:\Windows\System32\windows.storage.dll
0x00007ff8d18f0000 - 0x00007ff8d190f000 	C:\Windows\System32\profapi.dll
0x00007ff8d18a0000 - 0x00007ff8d18ea000 	C:\Windows\System32\powrprof.dll
0x00007ff8d1850000 - 0x00007ff8d1860000 	C:\Windows\System32\UMPDC.dll
0x00007ff8d4560000 - 0x00007ff8d45b2000 	C:\Windows\System32\shlwapi.dll
0x00007ff8d1eb0000 - 0x00007ff8d1ec7000 	C:\Windows\System32\cryptsp.dll
0x00007ff8c9760000 - 0x00007ff8c9779000 	C:\Program Files\Java\jdk-11.0.4\bin\net.dll
0x00007ff8c8340000 - 0x00007ff8c842f000 	C:\Windows\SYSTEM32\WINHTTP.dll
0x00007ff8c30d0000 - 0x00007ff8c32a4000 	C:\Windows\SYSTEM32\urlmon.dll
0x00007ff8c33d0000 - 0x00007ff8c3676000 	C:\Windows\SYSTEM32\iertutil.dll
0x00007ff8d1230000 - 0x00007ff8d123c000 	C:\Windows\SYSTEM32\CRYPTBASE.DLL
0x00007ff8d1060000 - 0x00007ff8d10c7000 	C:\Windows\system32\mswsock.dll
0x00007ff8c7220000 - 0x00007ff8c7233000 	C:\Program Files\Java\jdk-11.0.4\bin\nio.dll
0x00007ff8cdba0000 - 0x00007ff8cdba9000 	C:\Program Files\Java\jdk-11.0.4\bin\management.dll
0x00007ff8cdaf0000 - 0x00007ff8cdafc000 	C:\Program Files\Java\jdk-11.0.4\bin\management_ext.dll
0x00007ff8c7b00000 - 0x00007ff8c7b16000 	C:\Windows\system32\napinsp.dll
0x00007ff8c7ae0000 - 0x00007ff8c7afa000 	C:\Windows\system32\pnrpnsp.dll
0x00007ff8d0e00000 - 0x00007ff8d0eca000 	C:\Windows\SYSTEM32\DNSAPI.dll
0x00007ff8d45c0000 - 0x00007ff8d45c8000 	C:\Windows\System32\NSI.dll
0x00007ff8d0dc0000 - 0x00007ff8d0dfa000 	C:\Windows\SYSTEM32\IPHLPAPI.DLL
0x00007ff8c7ad0000 - 0x00007ff8c7ade000 	C:\Windows\System32\winrnr.dll
0x00007ff8cdad0000 - 0x00007ff8cdaec000 	C:\Windows\system32\NLAapi.dll
0x00007ff8caed0000 - 0x00007ff8caee5000 	C:\Windows\system32\wshbth.dll
0x00007ff8c6bf0000 - 0x00007ff8c6bfa000 	C:\Windows\System32\rasadhlp.dll
0x00007ff8c77e0000 - 0x00007ff8c7857000 	C:\Windows\System32\fwpuclnt.dll
0x00007ff8d2100000 - 0x00007ff8d2126000 	C:\Windows\System32\bcrypt.dll

dbghelp: loaded successfully - version: 4.0.5 - missing functions: none
symbol engine: initialized successfully - sym options: 0x614 - pdb path: .;C:\Program Files\Java\jdk-11.0.4\bin;C:\Windows\SYSTEM32;C:\Windows\WinSxS\amd64_microsoft.windows.common-controls_6595b64144ccf1df_6.0.18362.145_none_e6c3ab8b131013d6;C:\Program Files\Java\jdk-11.0.4\bin\server

VM Arguments:
java_command: com.example.ARGOT.ArgotApplication
java_class_path (initial): C:\Users\Usuario\Documents\NetBeansProjects\ARGOT\target\classes;C:\Users\Usuario\.m2\repository\org\springframework\boot\spring-boot-starter-data-jpa\2.2.1.RELEASE\spring-boot-starter-data-jpa-2.2.1.RELEASE.jar;C:\Users\Usuario\.m2\repository\org\springframework\boot\spring-boot-starter-aop\2.2.1.RELEASE\spring-boot-starter-aop-2.2.1.RELEASE.jar;C:\Users\Usuario\.m2\repository\org\springframework\spring-aop\5.2.1.RELEASE\spring-aop-5.2.1.RELEASE.jar;C:\Users\Usuario\.m2\repository\org\aspectj\aspectjweaver\1.9.4\aspectjweaver-1.9.4.jar;C:\Users\Usuario\.m2\repository\org\springframework\boot\spring-boot-starter-jdbc\2.2.1.RELEASE\spring-boot-starter-jdbc-2.2.1.RELEASE.jar;C:\Users\Usuario\.m2\repository\com\zaxxer\HikariCP\3.4.1\HikariCP-3.4.1.jar;C:\Users\Usuario\.m2\repository\org\springframework\spring-jdbc\5.2.1.RELEASE\spring-jdbc-5.2.1.RELEASE.jar;C:\Users\Usuario\.m2\repository\jakarta\activation\jakarta.activation-api\1.2.1\jakarta.activation-api-1.2.1.jar;C:\Users\Usuario\.m2\repository\jakarta\persistence\jakarta.persistence-api\2.2.3\jakarta.persistence-api-2.2.3.jar;C:\Users\Usuario\.m2\repository\jakarta\transaction\jakarta.transaction-api\1.3.3\jakarta.transaction-api-1.3.3.jar;C:\Users\Usuario\.m2\repository\org\hibernate\hibernate-core\5.4.8.Final\hibernate-core-5.4.8.Final.jar;C:\Users\Usuario\.m2\repository\org\jboss\logging\jboss-logging\3.4.1.Final\jboss-logging-3.4.1.Final.jar;C:\Users\Usuario\.m2\repository\org\javassist\javassist\3.24.0-GA\javassist-3.24.0-GA.jar;C:\Users\Usuario\.m2\repository\net\bytebuddy\byte-buddy\1.10.2\byte-buddy-1.10.2.jar;C:\Users\Usuario\.m2\repository\antlr\antlr\2.7.7\antlr-2.7.7.jar;C:\Users\Usuario\.m2\repository\org\jboss\jandex\2.0.5.Final\jandex-2.0.5.Final.jar;C:\Users\Usuario\.m2\repository\com\fasterxml\classmate\1.5.1\classmate-1.5.1.jar;C:\Users\Usuario\.m2\repository\org\dom4j\dom4j\2.1.1\dom4j-2.1.1.jar;C:\Users\Usuario\.m2\repository\org\hibernate\common\hibernate-commons-
Launcher Type: SUN_STANDARD

[Global flags]
     intx CICompilerCount                          = 3                                         {product} {ergonomic}
     uint ConcGCThreads                            = 1                                         {product} {ergonomic}
     uint G1ConcRefinementThreads                  = 4                                         {product} {ergonomic}
   size_t G1HeapRegionSize                         = 1048576                                   {product} {ergonomic}
    uintx GCDrainStackTargetSize                   = 64                                        {product} {ergonomic}
   size_t InitialHeapSize                          = 134217728                                 {product} {ergonomic}
   size_t MarkStackSize                            = 4194304                                   {product} {ergonomic}
   size_t MaxHeapSize                              = 2118123520                                {product} {ergonomic}
   size_t MaxNewSize                               = 1270874112                                {product} {ergonomic}
   size_t MinHeapDeltaBytes                        = 1048576                                   {product} {ergonomic}
    uintx NonNMethodCodeHeapSize                   = 5830092                                {pd product} {ergonomic}
    uintx NonProfiledCodeHeapSize                  = 122914074                              {pd product} {ergonomic}
    uintx ProfiledCodeHeapSize                     = 122914074                              {pd product} {ergonomic}
    uintx ReservedCodeCacheSize                    = 251658240                              {pd product} {ergonomic}
     bool SegmentedCodeCache                       = true                                      {product} {ergonomic}
     bool UseCompressedClassPointers               = true                                 {lp64_product} {ergonomic}
     bool UseCompressedOops                        = true                                 {lp64_product} {ergonomic}
     bool UseG1GC                                  = true                                      {product} {ergonomic}
     bool UseLargePagesIndividualAllocation        = false                                  {pd product} {ergonomic}

Logging:
Log output configuration:
 #0: stdout all=warning uptime,level,tags
 #1: stderr all=off uptime,level,tags

Environment Variables:
JAVA_HOME=C:\Program Files\Java\jdk-11.0.4
CLASSPATH=.
PATH=C:\oraclexe\app\oracle\product\11.2.0\server\bin;;C:\Program Files (x86)\Common Files\Oracle\Java\javapath;C:\Python27\;C:\Python27\Scripts;C:\Windows\system32;C:\Windows;C:\Windows\System32\Wbem;C:\Windows\System32\WindowsPowerShell\v1.0\;C:\Windows\System32\OpenSSH\;C:\Program Files\Java\jdk-13.0.1\bin;C:\Program Files\nodejs\;C:\ProgramData\chocolatey\bin;C:\Program Files\Git\cmd;C:\Users\Usuario\AppData\Local\Microsoft\WindowsApps;C:\Users\Usuario\AppData\Local\Programs\Microsoft VS Code\bin;C:\Program Files\Java\jdk1.8.0_201\bin;C:\Users\Usuario\AppData\Roaming\npm;C:\Program Files\heroku\bin;C:\apache-maven-3.6.0\bin;
USERNAME=Usuario
OS=Windows_NT
PROCESSOR_IDENTIFIER=Intel64 Family 6 Model 58 Stepping 9, GenuineIntel



---------------  S Y S T E M  ---------------

OS: Windows 10 , 64 bit Build 18362 (10.0.18362.86)

CPU:total 4 (initial active 4) (2 cores per cpu, 2 threads per core) family 6 model 58 stepping 9, cmov, cx8, fxsr, mmx, sse, sse2, sse3, ssse3, sse4.1, sse4.2, popcnt, avx, aes, clmul, erms, ht, tsc, tscinvbit, tscinv

Memory: 4k page, system-wide physical 8077M (1018M free)
TotalPageFile size 8077M (AvailPageFile size 4M)
current process WorkingSet (physical memory assigned to process): 131M, peak: 131M
current process commit charge ("private bytes"): 239M, peak: 239M

vm_info: Java HotSpot(TM) 64-Bit Server VM (11.0.4+10-LTS) for windows-amd64 JRE (11.0.4+10-LTS), built on Jul  4 2019 16:28:13 by "mach5one" with MS VC++ 15.5 (VS2017)

END.
