#
# There is insufficient memory for the Java Runtime Environment to continue.
# Native memory allocation (malloc) failed to allocate 2063536 bytes for Chunk::new
# Possible reasons:
#   The system is out of physical RAM or swap space
#   The process is running with CompressedOops enabled, and the Java Heap may be blocking the growth of the native heap
# Possible solutions:
#   Reduce memory load on the system
#   Increase physical memory or swap space
#   Check if swap backing store is full
#   Decrease Java heap size (-Xmx/-Xms)
#   Decrease number of Java threads
#   Decrease Java thread stack sizes (-Xss)
#   Set larger code cache with -XX:ReservedCodeCacheSize=
#   JVM is running with Unscaled Compressed Oops mode in which the Java heap is
#     placed in the first 4GB address space. The Java Heap base address is the
#     maximum limit for the native heap growth. Please use -XX:HeapBaseMinAddress
#     to set the Java Heap base and to place the Java Heap above 4GB virtual address.
# This output file may be truncated or incomplete.
#
#  Out of Memory Error (t:/workspace/open/src/hotspot/share/memory/arena.cpp:197), pid=5072, tid=4876
#
# JRE version: Java(TM) SE Runtime Environment (11.0.4+10) (build 11.0.4+10-LTS)
# Java VM: Java HotSpot(TM) 64-Bit Server VM (11.0.4+10-LTS, mixed mode, tiered, compressed oops, g1 gc, windows-amd64)
# No core dump will be written. Minidumps are not enabled by default on client versions of Windows
#

---------------  S U M M A R Y ------------

Command Line: com.example.ARGOT.ArgotApplication

Host: Intel(R) Core(TM) i5-3210M CPU @ 2.50GHz, 4 cores, 7G,  Windows 10 , 64 bit Build 18362 (10.0.18362.86)
Time: Sat Dec  7 18:22:15 2019 Hora est. Pacífico, Sudamérica elapsed time: 12 seconds (0d 0h 0m 12s)

---------------  T H R E A D  ---------------

Current thread (0x000001dc436e9800):  JavaThread "C2 CompilerThread0" daemon [_thread_in_native, id=4876, stack(0x000000378cd00000,0x000000378ce00000)]


Current CompileTask:
C2:  12482 4302       4       org.springframework.beans.factory.support.AbstractBeanFactory::isTypeMatch (607 bytes)

Stack: [0x000000378cd00000,0x000000378ce00000]
Native frames: (J=compiled Java code, j=interpreted, Vv=VM code, C=native code)
V  [jvm.dll+0x635bda]
V  [jvm.dll+0x77360f]
V  [jvm.dll+0x774cba]
V  [jvm.dll+0x775373]
V  [jvm.dll+0x25e668]
V  [jvm.dll+0xc2391]
V  [jvm.dll+0xc291c]
V  [jvm.dll+0x36dbd7]
V  [jvm.dll+0x33a9c3]
V  [jvm.dll+0x339d9a]
V  [jvm.dll+0x218455]
V  [jvm.dll+0x2175fa]
V  [jvm.dll+0x194230]
V  [jvm.dll+0x2265bf]
V  [jvm.dll+0x224bc8]
V  [jvm.dll+0x7389ed]
V  [jvm.dll+0x634c82]
C  [ucrtbase.dll+0x1d912]
C  [KERNEL32.DLL+0x17bd4]
C  [ntdll.dll+0x6ce71]


---------------  P R O C E S S  ---------------

Threads class SMR info:
_java_thread_list=0x000001dc458819c0, length=19, elements={
0x000001dc2536f000, 0x000001dc436c8800, 0x000001dc436d2000, 0x000001dc436e4000,
0x000001dc436e6000, 0x000001dc436e9800, 0x000001dc436f1800, 0x000001dc436f3000,
0x000001dc441b9800, 0x000001dc441c5000, 0x000001dc44c1d800, 0x000001dc44e7a000,
0x000001dc49d6d800, 0x000001dc4859b000, 0x000001dc49b80800, 0x000001dc48653800,
0x000001dc4902f800, 0x000001dc49030000, 0x000001dc487b1000
}

Java Threads: ( => current thread )
  0x000001dc2536f000 JavaThread "main" [_thread_blocked, id=4068, stack(0x000000378c200000,0x000000378c300000)]
  0x000001dc436c8800 JavaThread "Reference Handler" daemon [_thread_blocked, id=1700, stack(0x000000378c900000,0x000000378ca00000)]
  0x000001dc436d2000 JavaThread "Finalizer" daemon [_thread_blocked, id=9328, stack(0x000000378ca00000,0x000000378cb00000)]
  0x000001dc436e4000 JavaThread "Signal Dispatcher" daemon [_thread_blocked, id=7244, stack(0x000000378cb00000,0x000000378cc00000)]
  0x000001dc436e6000 JavaThread "Attach Listener" daemon [_thread_blocked, id=9756, stack(0x000000378cc00000,0x000000378cd00000)]
=>0x000001dc436e9800 JavaThread "C2 CompilerThread0" daemon [_thread_in_native, id=4876, stack(0x000000378cd00000,0x000000378ce00000)]
  0x000001dc436f1800 JavaThread "C1 CompilerThread0" daemon [_thread_blocked, id=2604, stack(0x000000378ce00000,0x000000378cf00000)]
  0x000001dc436f3000 JavaThread "Sweeper thread" daemon [_thread_blocked, id=10100, stack(0x000000378cf00000,0x000000378d000000)]
  0x000001dc441b9800 JavaThread "Service Thread" daemon [_thread_blocked, id=8816, stack(0x000000378d000000,0x000000378d100000)]
  0x000001dc441c5000 JavaThread "Common-Cleaner" daemon [_thread_blocked, id=10728, stack(0x000000378d200000,0x000000378d300000)]
  0x000001dc44c1d800 JavaThread "Thread-0" [_thread_blocked, id=656, stack(0x000000378d800000,0x000000378d900000)]
  0x000001dc44e7a000 JavaThread "restartedMain" [_thread_in_vm, id=4392, stack(0x000000378d900000,0x000000378da00000)]
  0x000001dc49d6d800 JavaThread "Catalina-utility-1" [_thread_blocked, id=5148, stack(0x000000378da00000,0x000000378db00000)]
  0x000001dc4859b000 JavaThread "Catalina-utility-2" [_thread_blocked, id=3676, stack(0x000000378dc00000,0x000000378dd00000)]
  0x000001dc49b80800 JavaThread "container-0" [_thread_blocked, id=10808, stack(0x000000378dd00000,0x000000378de00000)]
  0x000001dc48653800 JavaThread "PostgreSQL-JDBC-SharedTimer-1" daemon [_thread_blocked, id=8240, stack(0x000000378df00000,0x000000378e000000)]
  0x000001dc4902f800 JavaThread "HikariPool-1 housekeeper" daemon [_thread_blocked, id=7992, stack(0x000000378e000000,0x000000378e100000)]
  0x000001dc49030000 JavaThread "HikariPool-1 connection adder" daemon [_thread_blocked, id=1880, stack(0x000000378e100000,0x000000378e200000)]
  0x000001dc487b1000 JavaThread "C2 CompilerThread1" daemon [_thread_in_native, id=8488, stack(0x000000378d400000,0x000000378d500000)]

Other Threads:
  0x000001dc436a3000 VMThread "VM Thread" [stack: 0x000000378c800000,0x000000378c900000] [id=1940]
  0x000001dc441c0800 WatcherThread [stack: 0x000000378d100000,0x000000378d200000] [id=3640]
  0x000001dc25388000 GCTaskThread "GC Thread#0" [stack: 0x000000378c300000,0x000000378c400000] [id=9792]
  0x000001dc44e7e000 GCTaskThread "GC Thread#1" [stack: 0x000000378d500000,0x000000378d600000] [id=11240]
  0x000001dc44925800 GCTaskThread "GC Thread#2" [stack: 0x000000378d600000,0x000000378d700000] [id=5576]
  0x000001dc4506b000 GCTaskThread "GC Thread#3" [stack: 0x000000378db00000,0x000000378dc00000] [id=6624]
  0x000001dc253b7800 ConcurrentGCThread "G1 Main Marker" [stack: 0x000000378c400000,0x000000378c500000] [id=8460]
  0x000001dc253b9000 ConcurrentGCThread "G1 Conc#0" [stack: 0x000000378c500000,0x000000378c600000] [id=8268]
  0x000001dc2543d800 ConcurrentGCThread "G1 Refine#0" [stack: 0x000000378c600000,0x000000378c700000] [id=8420]
  0x000001dc44ea1000 ConcurrentGCThread "G1 Refine#1" [stack: 0x000000378d700000,0x000000378d800000] [id=1400]
  0x000001dc43510800 ConcurrentGCThread "G1 Young RemSet Sampling" [stack: 0x000000378c700000,0x000000378c800000] [id=5964]

Threads with active compile tasks:
C2 CompilerThread04302       4       org.springframework.beans.factory.support.AbstractBeanFactory::isTypeMatch (607 bytes)
C1 CompilerThread04498       2       org.springframework.core.annotation.AnnotationsScanner::isKnownEmpty (60 bytes)
C2 CompilerThread14283       4       org.springframework.core.annotation.AnnotationsScanner::processMethodHierarchy (274 bytes)

VM state:not at safepoint (normal execution)

VM Mutex/Monitor currently owned by a thread: None

Heap address: 0x0000000081c00000, size: 2020 MB, Compressed Oops mode: 32-bit
Narrow klass base: 0x0000000000000000, Narrow klass shift: 3
Compressed class space size: 1073741824 Address: 0x0000000100000000

Heap:
 garbage-first heap   total 157696K, used 73117K [0x0000000081c00000, 0x0000000100000000)
  region size 1024K, 61 young (62464K), 6 survivors (6144K)
 Metaspace       used 57463K, capacity 58830K, committed 58880K, reserved 1099776K
  class space    used 7383K, capacity 7922K, committed 7936K, reserved 1048576K
Heap Regions: E=young(eden), S=young(survivor), O=old, HS=humongous(starts), HC=humongous(continues), CS=collection set, F=free, A=archive, TAMS=top-at-mark-start (previous, next)
|   0|0x0000000081c00000, 0x0000000081d00000, 0x0000000081d00000|100%|HS|  |TAMS 0x0000000081d00000, 0x0000000081c00000| Complete 
|   1|0x0000000081d00000, 0x0000000081e00000, 0x0000000081e00000|100%| O|  |TAMS 0x0000000081e00000, 0x0000000081d00000| Untracked 
|   2|0x0000000081e00000, 0x0000000081f00000, 0x0000000081f00000|100%| O|  |TAMS 0x0000000081f00000, 0x0000000081e00000| Untracked 
|   3|0x0000000081f00000, 0x0000000082000000, 0x0000000082000000|100%| O|  |TAMS 0x0000000082000000, 0x0000000081f00000| Untracked 
|   4|0x0000000082000000, 0x0000000082100000, 0x0000000082100000|100%| O|  |TAMS 0x0000000082100000, 0x0000000082000000| Untracked 
|   5|0x0000000082100000, 0x0000000082200000, 0x0000000082200000|100%| O|  |TAMS 0x0000000082200000, 0x0000000082100000| Untracked 
|   6|0x0000000082200000, 0x0000000082300000, 0x0000000082300000|100%| O|  |TAMS 0x0000000082300000, 0x0000000082200000| Untracked 
|   7|0x0000000082300000, 0x0000000082400000, 0x0000000082400000|100%| O|  |TAMS 0x000000008236e200, 0x0000000082300000| Untracked 
|   8|0x0000000082400000, 0x0000000082500000, 0x0000000082500000|100%| O|  |TAMS 0x0000000082400000, 0x0000000082400000| Untracked 
|   9|0x0000000082500000, 0x0000000082600000, 0x0000000082600000|100%| O|  |TAMS 0x0000000082500000, 0x0000000082500000| Untracked 
|  10|0x0000000082600000, 0x0000000082700000, 0x0000000082700000|100%| O|  |TAMS 0x0000000082600000, 0x0000000082600000| Untracked 
|  11|0x0000000082700000, 0x000000008278ee00, 0x0000000082800000| 55%| O|  |TAMS 0x0000000082700000, 0x0000000082700000| Untracked 
|  12|0x0000000082800000, 0x0000000082800000, 0x0000000082900000|  0%| F|  |TAMS 0x0000000082800000, 0x0000000082800000| Untracked 
|  13|0x0000000082900000, 0x0000000082900000, 0x0000000082a00000|  0%| F|  |TAMS 0x0000000082900000, 0x0000000082900000| Untracked 
|  14|0x0000000082a00000, 0x0000000082a00000, 0x0000000082b00000|  0%| F|  |TAMS 0x0000000082a00000, 0x0000000082a00000| Untracked 
|  15|0x0000000082b00000, 0x0000000082b00000, 0x0000000082c00000|  0%| F|  |TAMS 0x0000000082b00000, 0x0000000082b00000| Untracked 
|  16|0x0000000082c00000, 0x0000000082c00000, 0x0000000082d00000|  0%| F|  |TAMS 0x0000000082c00000, 0x0000000082c00000| Untracked 
|  17|0x0000000082d00000, 0x0000000082d00000, 0x0000000082e00000|  0%| F|  |TAMS 0x0000000082d00000, 0x0000000082d00000| Untracked 
|  18|0x0000000082e00000, 0x0000000082e00000, 0x0000000082f00000|  0%| F|  |TAMS 0x0000000082e00000, 0x0000000082e00000| Untracked 
|  19|0x0000000082f00000, 0x0000000082f00000, 0x0000000083000000|  0%| F|  |TAMS 0x0000000082f00000, 0x0000000082f00000| Untracked 
|  20|0x0000000083000000, 0x0000000083000000, 0x0000000083100000|  0%| F|  |TAMS 0x0000000083000000, 0x0000000083000000| Untracked 
|  21|0x0000000083100000, 0x0000000083100000, 0x0000000083200000|  0%| F|  |TAMS 0x0000000083100000, 0x0000000083100000| Untracked 
|  22|0x0000000083200000, 0x0000000083200000, 0x0000000083300000|  0%| F|  |TAMS 0x0000000083200000, 0x0000000083200000| Untracked 
|  23|0x0000000083300000, 0x0000000083300000, 0x0000000083400000|  0%| F|  |TAMS 0x0000000083300000, 0x0000000083300000| Untracked 
|  24|0x0000000083400000, 0x0000000083400000, 0x0000000083500000|  0%| F|  |TAMS 0x0000000083400000, 0x0000000083400000| Untracked 
|  25|0x0000000083500000, 0x0000000083500000, 0x0000000083600000|  0%| F|  |TAMS 0x0000000083500000, 0x0000000083500000| Untracked 
|  26|0x0000000083600000, 0x0000000083600000, 0x0000000083700000|  0%| F|  |TAMS 0x0000000083600000, 0x0000000083600000| Untracked 
|  27|0x0000000083700000, 0x0000000083700000, 0x0000000083800000|  0%| F|  |TAMS 0x0000000083700000, 0x0000000083700000| Untracked 
|  28|0x0000000083800000, 0x0000000083800000, 0x0000000083900000|  0%| F|  |TAMS 0x0000000083800000, 0x0000000083800000| Untracked 
|  29|0x0000000083900000, 0x0000000083900000, 0x0000000083a00000|  0%| F|  |TAMS 0x0000000083900000, 0x0000000083900000| Untracked 
|  30|0x0000000083a00000, 0x0000000083a00000, 0x0000000083b00000|  0%| F|  |TAMS 0x0000000083a00000, 0x0000000083a00000| Untracked 
|  31|0x0000000083b00000, 0x0000000083b00000, 0x0000000083c00000|  0%| F|  |TAMS 0x0000000083b00000, 0x0000000083b00000| Untracked 
|  32|0x0000000083c00000, 0x0000000083c00000, 0x0000000083d00000|  0%| F|  |TAMS 0x0000000083c00000, 0x0000000083c00000| Untracked 
|  33|0x0000000083d00000, 0x0000000083d00000, 0x0000000083e00000|  0%| F|  |TAMS 0x0000000083d00000, 0x0000000083d00000| Untracked 
|  34|0x0000000083e00000, 0x0000000083e00000, 0x0000000083f00000|  0%| F|  |TAMS 0x0000000083e00000, 0x0000000083e00000| Untracked 
|  35|0x0000000083f00000, 0x0000000083f00000, 0x0000000084000000|  0%| F|  |TAMS 0x0000000083f00000, 0x0000000083f00000| Untracked 
|  36|0x0000000084000000, 0x0000000084000000, 0x0000000084100000|  0%| F|  |TAMS 0x0000000084000000, 0x0000000084000000| Untracked 
|  37|0x0000000084100000, 0x0000000084100000, 0x0000000084200000|  0%| F|  |TAMS 0x0000000084100000, 0x0000000084100000| Untracked 
|  38|0x0000000084200000, 0x0000000084200000, 0x0000000084300000|  0%| F|  |TAMS 0x0000000084200000, 0x0000000084200000| Untracked 
|  39|0x0000000084300000, 0x0000000084300000, 0x0000000084400000|  0%| F|  |TAMS 0x0000000084300000, 0x0000000084300000| Untracked 
|  40|0x0000000084400000, 0x0000000084400000, 0x0000000084500000|  0%| F|  |TAMS 0x0000000084400000, 0x0000000084400000| Untracked 
|  41|0x0000000084500000, 0x0000000084500000, 0x0000000084600000|  0%| F|  |TAMS 0x0000000084500000, 0x0000000084500000| Untracked 
|  42|0x0000000084600000, 0x0000000084600000, 0x0000000084700000|  0%| F|  |TAMS 0x0000000084600000, 0x0000000084600000| Untracked 
|  43|0x0000000084700000, 0x0000000084700000, 0x0000000084800000|  0%| F|  |TAMS 0x0000000084700000, 0x0000000084700000| Untracked 
|  44|0x0000000084800000, 0x0000000084800000, 0x0000000084900000|  0%| F|  |TAMS 0x0000000084800000, 0x0000000084800000| Untracked 
|  45|0x0000000084900000, 0x0000000084900000, 0x0000000084a00000|  0%| F|  |TAMS 0x0000000084900000, 0x0000000084900000| Untracked 
|  46|0x0000000084a00000, 0x0000000084a00000, 0x0000000084b00000|  0%| F|  |TAMS 0x0000000084a00000, 0x0000000084a00000| Untracked 
|  47|0x0000000084b00000, 0x0000000084b00000, 0x0000000084c00000|  0%| F|  |TAMS 0x0000000084b00000, 0x0000000084b00000| Untracked 
|  48|0x0000000084c00000, 0x0000000084c00000, 0x0000000084d00000|  0%| F|  |TAMS 0x0000000084c00000, 0x0000000084c00000| Untracked 
|  49|0x0000000084d00000, 0x0000000084d00000, 0x0000000084e00000|  0%| F|  |TAMS 0x0000000084d00000, 0x0000000084d00000| Untracked 
|  50|0x0000000084e00000, 0x0000000084e00000, 0x0000000084f00000|  0%| F|  |TAMS 0x0000000084e00000, 0x0000000084e00000| Untracked 
|  51|0x0000000084f00000, 0x0000000084f00000, 0x0000000085000000|  0%| F|  |TAMS 0x0000000084f00000, 0x0000000084f00000| Untracked 
|  52|0x0000000085000000, 0x0000000085000000, 0x0000000085100000|  0%| F|  |TAMS 0x0000000085000000, 0x0000000085000000| Untracked 
|  53|0x0000000085100000, 0x0000000085100000, 0x0000000085200000|  0%| F|  |TAMS 0x0000000085100000, 0x0000000085100000| Untracked 
|  54|0x0000000085200000, 0x0000000085200000, 0x0000000085300000|  0%| F|  |TAMS 0x0000000085200000, 0x0000000085200000| Untracked 
|  55|0x0000000085300000, 0x0000000085300000, 0x0000000085400000|  0%| F|  |TAMS 0x0000000085300000, 0x0000000085300000| Untracked 
|  56|0x0000000085400000, 0x0000000085400000, 0x0000000085500000|  0%| F|  |TAMS 0x0000000085400000, 0x0000000085400000| Untracked 
|  57|0x0000000085500000, 0x0000000085500000, 0x0000000085600000|  0%| F|  |TAMS 0x0000000085500000, 0x0000000085500000| Untracked 
|  58|0x0000000085600000, 0x0000000085600000, 0x0000000085700000|  0%| F|  |TAMS 0x0000000085600000, 0x0000000085600000| Untracked 
|  59|0x0000000085700000, 0x0000000085700000, 0x0000000085800000|  0%| F|  |TAMS 0x0000000085700000, 0x0000000085700000| Untracked 
|  60|0x0000000085800000, 0x0000000085800000, 0x0000000085900000|  0%| F|  |TAMS 0x0000000085800000, 0x0000000085800000| Untracked 
|  61|0x0000000085900000, 0x0000000085900000, 0x0000000085a00000|  0%| F|  |TAMS 0x0000000085900000, 0x0000000085900000| Untracked 
|  62|0x0000000085a00000, 0x0000000085a00000, 0x0000000085b00000|  0%| F|  |TAMS 0x0000000085a00000, 0x0000000085a00000| Untracked 
|  63|0x0000000085b00000, 0x0000000085b00000, 0x0000000085c00000|  0%| F|  |TAMS 0x0000000085b00000, 0x0000000085b00000| Untracked 
|  64|0x0000000085c00000, 0x0000000085c00000, 0x0000000085d00000|  0%| F|  |TAMS 0x0000000085c00000, 0x0000000085c00000| Untracked 
|  65|0x0000000085d00000, 0x0000000085d00000, 0x0000000085e00000|  0%| F|  |TAMS 0x0000000085d00000, 0x0000000085d00000| Untracked 
|  66|0x0000000085e00000, 0x0000000085e00000, 0x0000000085f00000|  0%| F|  |TAMS 0x0000000085e00000, 0x0000000085e00000| Untracked 
|  67|0x0000000085f00000, 0x0000000085f00000, 0x0000000086000000|  0%| F|  |TAMS 0x0000000085f00000, 0x0000000085f00000| Untracked 
|  68|0x0000000086000000, 0x0000000086000000, 0x0000000086100000|  0%| F|  |TAMS 0x0000000086000000, 0x0000000086000000| Untracked 
|  69|0x0000000086100000, 0x00000000861d86c0, 0x0000000086200000| 84%| S|CS|TAMS 0x0000000086100000, 0x0000000086100000| Complete 
|  70|0x0000000086200000, 0x0000000086300000, 0x0000000086300000|100%| S|CS|TAMS 0x0000000086200000, 0x0000000086200000| Complete 
|  71|0x0000000086300000, 0x0000000086400000, 0x0000000086400000|100%| S|CS|TAMS 0x0000000086300000, 0x0000000086300000| Complete 
|  72|0x0000000086400000, 0x0000000086500000, 0x0000000086500000|100%| S|CS|TAMS 0x0000000086400000, 0x0000000086400000| Complete 
|  73|0x0000000086500000, 0x0000000086500000, 0x0000000086600000|  0%| F|  |TAMS 0x0000000086500000, 0x0000000086500000| Untracked 
|  74|0x0000000086600000, 0x0000000086600000, 0x0000000086700000|  0%| F|  |TAMS 0x0000000086600000, 0x0000000086600000| Untracked 
|  75|0x0000000086700000, 0x0000000086700000, 0x0000000086800000|  0%| F|  |TAMS 0x0000000086700000, 0x0000000086700000| Untracked 
|  76|0x0000000086800000, 0x0000000086800000, 0x0000000086900000|  0%| F|  |TAMS 0x0000000086800000, 0x0000000086800000| Untracked 
|  77|0x0000000086900000, 0x0000000086900000, 0x0000000086a00000|  0%| F|  |TAMS 0x0000000086900000, 0x0000000086900000| Untracked 
|  78|0x0000000086a00000, 0x0000000086a00000, 0x0000000086b00000|  0%| F|  |TAMS 0x0000000086a00000, 0x0000000086a00000| Untracked 
|  79|0x0000000086b00000, 0x0000000086b00000, 0x0000000086c00000|  0%| F|  |TAMS 0x0000000086b00000, 0x0000000086b00000| Untracked 
|  80|0x0000000086c00000, 0x0000000086d00000, 0x0000000086d00000|100%| S|CS|TAMS 0x0000000086c00000, 0x0000000086c00000| Complete 
|  81|0x0000000086d00000, 0x0000000086e00000, 0x0000000086e00000|100%| S|CS|TAMS 0x0000000086d00000, 0x0000000086d00000| Complete 
|  82|0x0000000086e00000, 0x0000000086e00000, 0x0000000086f00000|  0%| F|  |TAMS 0x0000000086e00000, 0x0000000086e00000| Untracked 
|  83|0x0000000086f00000, 0x0000000086f00000, 0x0000000087000000|  0%| F|  |TAMS 0x0000000086f00000, 0x0000000086f00000| Untracked 
|  84|0x0000000087000000, 0x0000000087000000, 0x0000000087100000|  0%| F|  |TAMS 0x0000000087000000, 0x0000000087000000| Untracked 
|  85|0x0000000087100000, 0x0000000087100000, 0x0000000087200000|  0%| F|  |TAMS 0x0000000087100000, 0x0000000087100000| Untracked 
|  86|0x0000000087200000, 0x0000000087200000, 0x0000000087300000|  0%| F|  |TAMS 0x0000000087200000, 0x0000000087200000| Untracked 
|  87|0x0000000087300000, 0x0000000087300000, 0x0000000087400000|  0%| F|  |TAMS 0x0000000087300000, 0x0000000087300000| Untracked 
|  88|0x0000000087400000, 0x0000000087400000, 0x0000000087500000|  0%| F|  |TAMS 0x0000000087400000, 0x0000000087400000| Untracked 
|  89|0x0000000087500000, 0x0000000087500000, 0x0000000087600000|  0%| F|  |TAMS 0x0000000087500000, 0x0000000087500000| Untracked 
|  90|0x0000000087600000, 0x0000000087600000, 0x0000000087700000|  0%| F|  |TAMS 0x0000000087600000, 0x0000000087600000| Untracked 
|  91|0x0000000087700000, 0x0000000087700000, 0x0000000087800000|  0%| F|  |TAMS 0x0000000087700000, 0x0000000087700000| Untracked 
|  92|0x0000000087800000, 0x0000000087800000, 0x0000000087900000|  0%| F|  |TAMS 0x0000000087800000, 0x0000000087800000| Untracked 
|  93|0x0000000087900000, 0x0000000087900000, 0x0000000087a00000|  0%| F|  |TAMS 0x0000000087900000, 0x0000000087900000| Untracked 
|  94|0x0000000087a00000, 0x0000000087a00000, 0x0000000087b00000|  0%| F|  |TAMS 0x0000000087a00000, 0x0000000087a00000| Untracked 
|  95|0x0000000087b00000, 0x0000000087b00000, 0x0000000087c00000|  0%| F|  |TAMS 0x0000000087b00000, 0x0000000087b00000| Untracked 
|  96|0x0000000087c00000, 0x0000000087c00000, 0x0000000087d00000|  0%| F|  |TAMS 0x0000000087c00000, 0x0000000087c00000| Untracked 
|  97|0x0000000087d00000, 0x0000000087d00000, 0x0000000087e00000|  0%| F|  |TAMS 0x0000000087d00000, 0x0000000087d00000| Untracked 
|  98|0x0000000087e00000, 0x0000000087e00000, 0x0000000087f00000|  0%| F|  |TAMS 0x0000000087e00000, 0x0000000087e00000| Untracked 
|  99|0x0000000087f00000, 0x0000000088000000, 0x0000000088000000|100%| E|  |TAMS 0x0000000087f00000, 0x0000000087f00000| Complete 
| 100|0x0000000088000000, 0x0000000088100000, 0x0000000088100000|100%| E|CS|TAMS 0x0000000088000000, 0x0000000088000000| Complete 
| 101|0x0000000088100000, 0x0000000088200000, 0x0000000088200000|100%| E|CS|TAMS 0x0000000088100000, 0x0000000088100000| Complete 
| 102|0x0000000088200000, 0x0000000088300000, 0x0000000088300000|100%| E|CS|TAMS 0x0000000088200000, 0x0000000088200000| Complete 
| 103|0x0000000088300000, 0x0000000088400000, 0x0000000088400000|100%| E|CS|TAMS 0x0000000088300000, 0x0000000088300000| Complete 
| 104|0x0000000088400000, 0x0000000088500000, 0x0000000088500000|100%| E|CS|TAMS 0x0000000088400000, 0x0000000088400000| Complete 
| 105|0x0000000088500000, 0x0000000088600000, 0x0000000088600000|100%| E|CS|TAMS 0x0000000088500000, 0x0000000088500000| Complete 
| 106|0x0000000088600000, 0x0000000088700000, 0x0000000088700000|100%| E|CS|TAMS 0x0000000088600000, 0x0000000088600000| Complete 
| 107|0x0000000088700000, 0x0000000088800000, 0x0000000088800000|100%| E|CS|TAMS 0x0000000088700000, 0x0000000088700000| Complete 
| 108|0x0000000088800000, 0x0000000088900000, 0x0000000088900000|100%| E|CS|TAMS 0x0000000088800000, 0x0000000088800000| Complete 
| 109|0x0000000088900000, 0x0000000088a00000, 0x0000000088a00000|100%| E|CS|TAMS 0x0000000088900000, 0x0000000088900000| Complete 
| 110|0x0000000088a00000, 0x0000000088b00000, 0x0000000088b00000|100%| E|CS|TAMS 0x0000000088a00000, 0x0000000088a00000| Complete 
| 111|0x0000000088b00000, 0x0000000088c00000, 0x0000000088c00000|100%| E|CS|TAMS 0x0000000088b00000, 0x0000000088b00000| Complete 
| 112|0x0000000088c00000, 0x0000000088d00000, 0x0000000088d00000|100%| E|CS|TAMS 0x0000000088c00000, 0x0000000088c00000| Complete 
| 113|0x0000000088d00000, 0x0000000088e00000, 0x0000000088e00000|100%| E|CS|TAMS 0x0000000088d00000, 0x0000000088d00000| Complete 
| 114|0x0000000088e00000, 0x0000000088f00000, 0x0000000088f00000|100%| E|CS|TAMS 0x0000000088e00000, 0x0000000088e00000| Complete 
| 115|0x0000000088f00000, 0x0000000089000000, 0x0000000089000000|100%| E|CS|TAMS 0x0000000088f00000, 0x0000000088f00000| Complete 
| 116|0x0000000089000000, 0x0000000089100000, 0x0000000089100000|100%| E|CS|TAMS 0x0000000089000000, 0x0000000089000000| Complete 
| 117|0x0000000089100000, 0x0000000089200000, 0x0000000089200000|100%| E|CS|TAMS 0x0000000089100000, 0x0000000089100000| Complete 
| 118|0x0000000089200000, 0x0000000089300000, 0x0000000089300000|100%| E|CS|TAMS 0x0000000089200000, 0x0000000089200000| Complete 
| 119|0x0000000089300000, 0x0000000089400000, 0x0000000089400000|100%| E|CS|TAMS 0x0000000089300000, 0x0000000089300000| Complete 
| 120|0x0000000089400000, 0x0000000089500000, 0x0000000089500000|100%| E|CS|TAMS 0x0000000089400000, 0x0000000089400000| Complete 
| 121|0x0000000089500000, 0x0000000089600000, 0x0000000089600000|100%| E|CS|TAMS 0x0000000089500000, 0x0000000089500000| Complete 
| 122|0x0000000089600000, 0x0000000089700000, 0x0000000089700000|100%| E|CS|TAMS 0x0000000089600000, 0x0000000089600000| Complete 
| 123|0x0000000089700000, 0x0000000089800000, 0x0000000089800000|100%| E|CS|TAMS 0x0000000089700000, 0x0000000089700000| Complete 
| 124|0x0000000089800000, 0x0000000089900000, 0x0000000089900000|100%| E|CS|TAMS 0x0000000089800000, 0x0000000089800000| Complete 
| 125|0x0000000089900000, 0x0000000089a00000, 0x0000000089a00000|100%| E|CS|TAMS 0x0000000089900000, 0x0000000089900000| Complete 
| 126|0x0000000089a00000, 0x0000000089b00000, 0x0000000089b00000|100%| E|CS|TAMS 0x0000000089a00000, 0x0000000089a00000| Complete 
| 127|0x0000000089b00000, 0x0000000089c00000, 0x0000000089c00000|100%| E|CS|TAMS 0x0000000089b00000, 0x0000000089b00000| Complete 
| 128|0x0000000089c00000, 0x0000000089d00000, 0x0000000089d00000|100%| E|CS|TAMS 0x0000000089c00000, 0x0000000089c00000| Complete 
| 129|0x0000000089d00000, 0x0000000089e00000, 0x0000000089e00000|100%| E|CS|TAMS 0x0000000089d00000, 0x0000000089d00000| Complete 
| 130|0x0000000089e00000, 0x0000000089f00000, 0x0000000089f00000|100%| E|CS|TAMS 0x0000000089e00000, 0x0000000089e00000| Complete 
| 131|0x0000000089f00000, 0x000000008a000000, 0x000000008a000000|100%| E|CS|TAMS 0x0000000089f00000, 0x0000000089f00000| Complete 
| 132|0x000000008a000000, 0x000000008a100000, 0x000000008a100000|100%| E|CS|TAMS 0x000000008a000000, 0x000000008a000000| Complete 
| 133|0x000000008a100000, 0x000000008a200000, 0x000000008a200000|100%| E|CS|TAMS 0x000000008a100000, 0x000000008a100000| Complete 
| 134|0x000000008a200000, 0x000000008a300000, 0x000000008a300000|100%| E|CS|TAMS 0x000000008a200000, 0x000000008a200000| Complete 
| 135|0x000000008a300000, 0x000000008a400000, 0x000000008a400000|100%| E|CS|TAMS 0x000000008a300000, 0x000000008a300000| Complete 
| 136|0x000000008a400000, 0x000000008a500000, 0x000000008a500000|100%| E|CS|TAMS 0x000000008a400000, 0x000000008a400000| Complete 
| 137|0x000000008a500000, 0x000000008a600000, 0x000000008a600000|100%| E|CS|TAMS 0x000000008a500000, 0x000000008a500000| Complete 
| 138|0x000000008a600000, 0x000000008a700000, 0x000000008a700000|100%| E|CS|TAMS 0x000000008a600000, 0x000000008a600000| Complete 
| 139|0x000000008a700000, 0x000000008a800000, 0x000000008a800000|100%| E|CS|TAMS 0x000000008a700000, 0x000000008a700000| Complete 
| 140|0x000000008a800000, 0x000000008a900000, 0x000000008a900000|100%| E|CS|TAMS 0x000000008a800000, 0x000000008a800000| Complete 
| 141|0x000000008a900000, 0x000000008aa00000, 0x000000008aa00000|100%| E|CS|TAMS 0x000000008a900000, 0x000000008a900000| Complete 
| 142|0x000000008aa00000, 0x000000008ab00000, 0x000000008ab00000|100%| E|CS|TAMS 0x000000008aa00000, 0x000000008aa00000| Complete 
| 143|0x000000008ab00000, 0x000000008ac00000, 0x000000008ac00000|100%| E|CS|TAMS 0x000000008ab00000, 0x000000008ab00000| Complete 
| 144|0x000000008ac00000, 0x000000008ad00000, 0x000000008ad00000|100%| E|CS|TAMS 0x000000008ac00000, 0x000000008ac00000| Complete 
| 145|0x000000008ad00000, 0x000000008ae00000, 0x000000008ae00000|100%| E|CS|TAMS 0x000000008ad00000, 0x000000008ad00000| Complete 
| 146|0x000000008ae00000, 0x000000008af00000, 0x000000008af00000|100%| E|CS|TAMS 0x000000008ae00000, 0x000000008ae00000| Complete 
| 147|0x000000008af00000, 0x000000008b000000, 0x000000008b000000|100%| E|CS|TAMS 0x000000008af00000, 0x000000008af00000| Complete 
| 148|0x000000008b000000, 0x000000008b100000, 0x000000008b100000|100%| E|CS|TAMS 0x000000008b000000, 0x000000008b000000| Complete 
| 149|0x000000008b100000, 0x000000008b200000, 0x000000008b200000|100%| E|CS|TAMS 0x000000008b100000, 0x000000008b100000| Complete 
| 150|0x000000008b200000, 0x000000008b300000, 0x000000008b300000|100%| E|CS|TAMS 0x000000008b200000, 0x000000008b200000| Complete 
| 151|0x000000008b300000, 0x000000008b400000, 0x000000008b400000|100%| E|CS|TAMS 0x000000008b300000, 0x000000008b300000| Complete 
| 152|0x000000008b400000, 0x000000008b500000, 0x000000008b500000|100%| E|CS|TAMS 0x000000008b400000, 0x000000008b400000| Complete 
| 153|0x000000008b500000, 0x000000008b600000, 0x000000008b600000|100%| E|CS|TAMS 0x000000008b500000, 0x000000008b500000| Complete 

Card table byte_map: [0x000001dc3cab0000,0x000001dc3ceb0000] _byte_map_base: 0x000001dc3c6a2000

Marking Bits (Prev, Next): (CMBitMap*) 0x000001dc253aede8, (CMBitMap*) 0x000001dc253aee20
 Prev Bits: [0x000001dc3d2b0000, 0x000001dc3f240000)
 Next Bits: [0x000001dc3f240000, 0x000001dc411d0000)

Polling page: 0x000001dc23260000

Metaspace:

Usage:
  Non-class:     49.72 MB capacity,    48.91 MB ( 98%) used,   661.92 KB (  1%) free+waste,   164.94 KB ( <1%) overhead. 
      Class:      7.74 MB capacity,     7.21 MB ( 93%) used,   462.45 KB (  6%) free+waste,    77.00 KB ( <1%) overhead. 
       Both:     57.46 MB capacity,    56.12 MB ( 98%) used,     1.10 MB (  2%) free+waste,   241.94 KB ( <1%) overhead. 

Virtual space:
  Non-class space:       50.00 MB reserved,      49.75 MB (>99%) committed 
      Class space:        1.00 GB reserved,       7.75 MB ( <1%) committed 
             Both:        1.05 GB reserved,      57.50 MB (  5%) committed 

Chunk freelists:
   Non-Class:  4.00 KB
       Class:  1.50 KB
        Both:  5.50 KB

CodeHeap 'non-profiled nmethods': size=120064Kb used=2634Kb max_used=2634Kb free=117429Kb
 bounds [0x000001dc35170000, 0x000001dc35410000, 0x000001dc3c6b0000]
CodeHeap 'profiled nmethods': size=120000Kb used=9914Kb max_used=9914Kb free=110085Kb
 bounds [0x000001dc2dc40000, 0x000001dc2e600000, 0x000001dc35170000]
CodeHeap 'non-nmethods': size=5696Kb used=1189Kb max_used=1214Kb free=4506Kb
 bounds [0x000001dc2d6b0000, 0x000001dc2d920000, 0x000001dc2dc40000]
 total_blobs=6062 nmethods=4365 adapters=454
 compilation: enabled
              stopped_count=0, restarted_count=0
 full_count=0

Compilation events (10 events):
Event: 12.459 Thread 0x000001dc436f1800 4472       2       org.springframework.beans.factory.support.DefaultListableBeanFactory::findAnnotationOnBean (24 bytes)
Event: 12.460 Thread 0x000001dc436f1800 nmethod 4472 0x000001dc2e5e4290 code [0x000001dc2e5e44a0, 0x000001dc2e5e4900]
Event: 12.460 Thread 0x000001dc436f1800 4473       2       org.springframework.beans.factory.support.DefaultListableBeanFactory::findMergedAnnotationOnBean (148 bytes)
Event: 12.461 Thread 0x000001dc436f1800 nmethod 4473 0x000001dc2e5e4b10 code [0x000001dc2e5e4de0, 0x000001dc2e5e5650]
Event: 12.461 Thread 0x000001dc436f1800 4474       2       org.springframework.beans.factory.support.DefaultListableBeanFactory$$Lambda$759/0x0000000100782040::test (10 bytes)
Event: 12.461 Thread 0x000001dc436f1800 nmethod 4474 0x000001dc2e5e5b10 code [0x000001dc2e5e5ce0, 0x000001dc2e5e5eb0]
Event: 12.462 Thread 0x000001dc436f1800 4475       2       java.util.concurrent.atomic.AtomicBoolean::get (13 bytes)
Event: 12.462 Thread 0x000001dc436f1800 nmethod 4475 0x000001dc2e5e5f90 code [0x000001dc2e5e6140, 0x000001dc2e5e62b8]
Event: 12.462 Thread 0x000001dc436f1800 4476       2       org.springframework.context.support.AbstractApplicationContext::assertBeanFactoryActive (81 bytes)
Event: 12.463 Thread 0x000001dc436f1800 nmethod 4476 0x000001dc2e5e6390 code [0x000001dc2e5e6600, 0x000001dc2e5e6dc0]

GC Heap History (10 events):
Event: 2.673 GC heap before
{Heap before GC invocations=6 (full 0):
 garbage-first heap   total 131072K, used 64853K [0x0000000081c00000, 0x0000000100000000)
  region size 1024K, 59 young (60416K), 3 survivors (3072K)
 Metaspace       used 25813K, capacity 26364K, committed 26624K, reserved 1073152K
  class space    used 2997K, capacity 3207K, committed 3328K, reserved 1048576K
}
Event: 2.679 GC heap after
{Heap after GC invocations=7 (full 0):
 garbage-first heap   total 131072K, used 9648K [0x0000000081c00000, 0x0000000100000000)
  region size 1024K, 4 young (4096K), 4 survivors (4096K)
 Metaspace       used 25813K, capacity 26364K, committed 26624K, reserved 1073152K
  class space    used 2997K, capacity 3207K, committed 3328K, reserved 1048576K
}
Event: 5.448 GC heap before
{Heap before GC invocations=7 (full 0):
 garbage-first heap   total 131072K, used 82352K [0x0000000081c00000, 0x0000000100000000)
  region size 1024K, 76 young (77824K), 4 survivors (4096K)
 Metaspace       used 32211K, capacity 33099K, committed 33408K, reserved 1079296K
  class space    used 3808K, capacity 4129K, committed 4224K, reserved 1048576K
}
Event: 5.458 GC heap after
{Heap after GC invocations=8 (full 0):
 garbage-first heap   total 157696K, used 12051K [0x0000000081c00000, 0x0000000100000000)
  region size 1024K, 6 young (6144K), 6 survivors (6144K)
 Metaspace       used 32211K, capacity 33099K, committed 33408K, reserved 1079296K
  class space    used 3808K, capacity 4129K, committed 4224K, reserved 1048576K
}
Event: 6.206 GC heap before
{Heap before GC invocations=8 (full 0):
 garbage-first heap   total 157696K, used 26387K [0x0000000081c00000, 0x0000000100000000)
  region size 1024K, 21 young (21504K), 6 survivors (6144K)
 Metaspace       used 34501K, capacity 35468K, committed 35584K, reserved 1081344K
  class space    used 4148K, capacity 4536K, committed 4608K, reserved 1048576K
}
Event: 6.228 GC heap after
{Heap after GC invocations=9 (full 0):
 garbage-first heap   total 157696K, used 13752K [0x0000000081c00000, 0x0000000100000000)
  region size 1024K, 6 young (6144K), 6 survivors (6144K)
 Metaspace       used 34501K, capacity 35468K, committed 35584K, reserved 1081344K
  class space    used 4148K, capacity 4536K, committed 4608K, reserved 1048576K
}
Event: 7.364 GC heap before
{Heap before GC invocations=10 (full 0):
 garbage-first heap   total 157696K, used 82360K [0x0000000081c00000, 0x0000000100000000)
  region size 1024K, 74 young (75776K), 6 survivors (6144K)
 Metaspace       used 36790K, capacity 37870K, committed 38144K, reserved 1083392K
  class space    used 4378K, capacity 4781K, committed 4864K, reserved 1048576K
}
Event: 7.373 GC heap after
{Heap after GC invocations=11 (full 0):
 garbage-first heap   total 157696K, used 15059K [0x0000000081c00000, 0x0000000100000000)
  region size 1024K, 7 young (7168K), 7 survivors (7168K)
 Metaspace       used 36790K, capacity 37870K, committed 38144K, reserved 1083392K
  class space    used 4378K, capacity 4781K, committed 4864K, reserved 1048576K
}
Event: 10.603 GC heap before
{Heap before GC invocations=11 (full 0):
 garbage-first heap   total 157696K, used 87763K [0x0000000081c00000, 0x0000000100000000)
  region size 1024K, 79 young (80896K), 7 survivors (7168K)
 Metaspace       used 47933K, capacity 48997K, committed 49280K, reserved 1091584K
  class space    used 5999K, capacity 6420K, committed 6528K, reserved 1048576K
}
Event: 10.615 GC heap after
{Heap after GC invocations=12 (full 0):
 garbage-first heap   total 157696K, used 17821K [0x0000000081c00000, 0x0000000100000000)
  region size 1024K, 6 young (6144K), 6 survivors (6144K)
 Metaspace       used 47933K, capacity 48997K, committed 49280K, reserved 1091584K
  class space    used 5999K, capacity 6420K, committed 6528K, reserved 1048576K
}

Deoptimization events (10 events):
Event: 12.289 Thread 0x000001dc44e7a000 Uncommon trap: reason=unstable_if action=reinterpret pc=0x000001dc3534a384 method=org.springframework.core.ResolvableType.resolveType()Lorg/springframework/core/ResolvableType; @ 37 c2
Event: 12.363 Thread 0x000001dc44e7a000 Uncommon trap: reason=class_check action=maybe_recompile pc=0x000001dc353d5e60 method=sun.reflect.generics.reflectiveObjects.TypeVariableImpl.hashCode()I @ 4 c2
Event: 12.363 Thread 0x000001dc44e7a000 Uncommon trap: reason=class_check action=maybe_recompile pc=0x000001dc353d5e60 method=sun.reflect.generics.reflectiveObjects.TypeVariableImpl.hashCode()I @ 4 c2
Event: 12.363 Thread 0x000001dc44e7a000 Uncommon trap: reason=class_check action=maybe_recompile pc=0x000001dc353d5e60 method=sun.reflect.generics.reflectiveObjects.TypeVariableImpl.hashCode()I @ 4 c2
Event: 12.363 Thread 0x000001dc44e7a000 Uncommon trap: reason=class_check action=maybe_recompile pc=0x000001dc353d5e60 method=sun.reflect.generics.reflectiveObjects.TypeVariableImpl.hashCode()I @ 4 c2
Event: 12.366 Thread 0x000001dc44e7a000 Uncommon trap: reason=unstable_if action=reinterpret pc=0x000001dc35300d6c method=java.util.concurrent.ConcurrentHashMap.putVal(Ljava/lang/Object;Ljava/lang/Object;Z)Ljava/lang/Object; @ 401 c2
Event: 12.368 Thread 0x000001dc44e7a000 Uncommon trap: reason=class_check action=maybe_recompile pc=0x000001dc3538ff78 method=java.util.concurrent.ConcurrentHashMap.get(Ljava/lang/Object;)Ljava/lang/Object; @ 93 c2
Event: 12.368 Thread 0x000001dc44e7a000 Uncommon trap: reason=class_check action=maybe_recompile pc=0x000001dc3538ff78 method=java.util.concurrent.ConcurrentHashMap.get(Ljava/lang/Object;)Ljava/lang/Object; @ 93 c2
Event: 12.369 Thread 0x000001dc44e7a000 Uncommon trap: reason=class_check action=maybe_recompile pc=0x000001dc3538ff78 method=java.util.concurrent.ConcurrentHashMap.get(Ljava/lang/Object;)Ljava/lang/Object; @ 93 c2
Event: 12.372 Thread 0x000001dc44e7a000 Uncommon trap: reason=class_check action=maybe_recompile pc=0x000001dc3538ff78 method=java.util.concurrent.ConcurrentHashMap.get(Ljava/lang/Object;)Ljava/lang/Object; @ 93 c2

Classes redefined (0 events):
No events

Internal exceptions (10 events):
Event: 12.153 Thread 0x000001dc44e7a000 Exception <a 'java/lang/ClassNotFoundException'{0x0000000088c32808}: org/springframework/web/servlet/config/annotation/WebMvcConfigurationSupportCustomizer> (0x0000000088c32808) thrown at [t:/workspace/open/src/hotspot/share/classfile/systemDictionary.cpp
Event: 12.155 Thread 0x000001dc44e7a000 Exception <a 'java/lang/ClassNotFoundException'{0x0000000088c4ec70}: org/springframework/web/servlet/config/annotation/DelegatingWebMvcConfigurationCustomizer> (0x0000000088c4ec70) thrown at [t:/workspace/open/src/hotspot/share/classfile/systemDictionary.
Event: 12.156 Thread 0x000001dc44e7a000 Exception <a 'java/lang/ClassNotFoundException'{0x0000000088c63670}: org/springframework/boot/autoconfigure/web/servlet/WebMvcAutoConfiguration$EnableWebMvcConfigurationCustomizer> (0x0000000088c63670) thrown at [t:/workspace/open/src/hotspot/share/classf
Event: 12.158 Thread 0x000001dc44e7a000 Exception <a 'java/lang/ClassNotFoundException'{0x0000000088c7bdf0}: org/springframework/context/ResourceLoaderAwareCustomizer> (0x0000000088c7bdf0) thrown at [t:/workspace/open/src/hotspot/share/classfile/systemDictionary.cpp, line 231]
Event: 12.159 Thread 0x000001dc44e7a000 Exception <a 'java/lang/ClassNotFoundException'{0x0000000088c87790}: org/springframework/beans/factory/AwareCustomizer> (0x0000000088c87790) thrown at [t:/workspace/open/src/hotspot/share/classfile/systemDictionary.cpp, line 231]
Event: 12.159 Thread 0x000001dc44e7a000 Exception <a 'java/lang/ClassNotFoundException'{0x0000000088c93690}: org/springframework/context/ApplicationContextAwareCustomizer> (0x0000000088c93690) thrown at [t:/workspace/open/src/hotspot/share/classfile/systemDictionary.cpp, line 231]
Event: 12.160 Thread 0x000001dc44e7a000 Exception <a 'java/lang/ClassNotFoundException'{0x0000000088c9f748}: org/springframework/beans/factory/AwareCustomizer> (0x0000000088c9f748) thrown at [t:/workspace/open/src/hotspot/share/classfile/systemDictionary.cpp, line 231]
Event: 12.161 Thread 0x000001dc44e7a000 Exception <a 'java/lang/ClassNotFoundException'{0x0000000088cab620}: org/springframework/web/context/ServletContextAwareCustomizer> (0x0000000088cab620) thrown at [t:/workspace/open/src/hotspot/share/classfile/systemDictionary.cpp, line 231]
Event: 12.162 Thread 0x000001dc44e7a000 Exception <a 'java/lang/ClassNotFoundException'{0x0000000088cb71b0}: org/springframework/beans/factory/AwareCustomizer> (0x0000000088cb71b0) thrown at [t:/workspace/open/src/hotspot/share/classfile/systemDictionary.cpp, line 231]
Event: 12.446 Thread 0x000001dc44e7a000 Exception <a 'java/lang/NoSuchMethodError'{0x00000000884a7ff8}: java.lang.invoke.DirectMethodHandle$Holder.invokeVirtual(Ljava/lang/Object;Ljava/lang/Object;I)V> (0x00000000884a7ff8) thrown at [t:/workspace/open/src/hotspot/share/interpreter/linkResolver.

Events (10 events):
Event: 12.470 Executing VM operation: Deoptimize
Event: 12.470 Executing VM operation: Deoptimize done
Event: 12.470 loading class org/springframework/web/bind/WebDataBinder
Event: 12.470 loading class org/springframework/web/bind/WebDataBinder done
Event: 12.471 loading class org/springframework/web/servlet/mvc/method/annotation/RequestResponseBodyMethodProcessor
Event: 12.471 loading class org/springframework/web/servlet/mvc/method/annotation/RequestResponseBodyMethodProcessor done
Event: 12.471 loading class org/springframework/web/servlet/mvc/method/annotation/AbstractMessageConverterMethodProcessor
Event: 12.471 loading class org/springframework/web/servlet/mvc/method/annotation/AbstractMessageConverterMethodProcessor done
Event: 12.472 loading class org/springframework/web/servlet/mvc/method/annotation/AbstractMessageConverterMethodArgumentResolver
Event: 12.472 loading class org/springframework/web/servlet/mvc/method/annotation/AbstractMessageConverterMethodArgumentResolver done


Dynamic libraries:
0x00007ff651890000 - 0x00007ff6518d7000 	C:\Program Files\Java\jdk-11.0.4\bin\java.exe
0x00007fff3a4c0000 - 0x00007fff3a6b0000 	C:\Windows\SYSTEM32\ntdll.dll
0x00007fff394e0000 - 0x00007fff39592000 	C:\Windows\System32\KERNEL32.DLL
0x00007fff37d30000 - 0x00007fff37fd3000 	C:\Windows\System32\KERNELBASE.dll
0x00007fff39bb0000 - 0x00007fff39c53000 	C:\Windows\System32\ADVAPI32.dll
0x00007fff39240000 - 0x00007fff392de000 	C:\Windows\System32\msvcrt.dll
0x00007fff392e0000 - 0x00007fff39377000 	C:\Windows\System32\sechost.dll
0x00007fff39a90000 - 0x00007fff39bb0000 	C:\Windows\System32\RPCRT4.dll
0x00007fff388e0000 - 0x00007fff38a73000 	C:\Windows\System32\USER32.dll
0x00007fff37550000 - 0x00007fff37571000 	C:\Windows\System32\win32u.dll
0x00007fff38bf0000 - 0x00007fff38c16000 	C:\Windows\System32\GDI32.dll
0x00007fff383e0000 - 0x00007fff38574000 	C:\Windows\System32\gdi32full.dll
0x00007fff38340000 - 0x00007fff383de000 	C:\Windows\System32\msvcp_win.dll
0x00007fff37450000 - 0x00007fff3754a000 	C:\Windows\System32\ucrtbase.dll
0x00007fff28060000 - 0x00007fff282e5000 	C:\Windows\WinSxS\amd64_microsoft.windows.common-controls_6595b64144ccf1df_6.0.18362.145_none_e6c3ab8b131013d6\COMCTL32.dll
0x00007fff395a0000 - 0x00007fff398d6000 	C:\Windows\System32\combase.dll
0x00007fff38160000 - 0x00007fff381e1000 	C:\Windows\System32\bcryptPrimitives.dll
0x00007fff2b110000 - 0x00007fff2b11a000 	C:\Windows\SYSTEM32\VERSION.dll
0x00007fff39200000 - 0x00007fff3922e000 	C:\Windows\System32\IMM32.DLL
0x00007fff29320000 - 0x00007fff29336000 	C:\Program Files\Java\jdk-11.0.4\bin\vcruntime140.dll
0x00007fff28c30000 - 0x00007fff28cda000 	C:\Program Files\Java\jdk-11.0.4\bin\msvcp140.dll
0x00007fff0ffe0000 - 0x00007fff10b07000 	C:\Program Files\Java\jdk-11.0.4\bin\server\jvm.dll
0x00007fff38580000 - 0x00007fff38588000 	C:\Windows\System32\PSAPI.DLL
0x00007fff2d9b0000 - 0x00007fff2d9b9000 	C:\Windows\SYSTEM32\WSOCK32.dll
0x00007fff3a410000 - 0x00007fff3a47f000 	C:\Windows\System32\WS2_32.dll
0x00007fff34e50000 - 0x00007fff34e74000 	C:\Windows\SYSTEM32\WINMM.dll
0x00007fff34e20000 - 0x00007fff34e4d000 	C:\Windows\SYSTEM32\WINMMBASE.dll
0x00007fff38110000 - 0x00007fff3815a000 	C:\Windows\System32\cfgmgr32.dll
0x00007fff373a0000 - 0x00007fff373b1000 	C:\Windows\System32\kernel.appcore.dll
0x00007fff28d70000 - 0x00007fff28d81000 	C:\Program Files\Java\jdk-11.0.4\bin\verify.dll
0x00007fff29fa0000 - 0x00007fff2a194000 	C:\Windows\SYSTEM32\DBGHELP.DLL
0x00007fff29f70000 - 0x00007fff29f9a000 	C:\Windows\SYSTEM32\dbgcore.DLL
0x00007fff29140000 - 0x00007fff29169000 	C:\Program Files\Java\jdk-11.0.4\bin\java.dll
0x00007fff28d50000 - 0x00007fff28d66000 	C:\Program Files\Java\jdk-11.0.4\bin\zip.dll
0x00007fff349b0000 - 0x00007fff349ba000 	C:\Program Files\Java\jdk-11.0.4\bin\jimage.dll
0x00007fff39c60000 - 0x00007fff3a340000 	C:\Windows\System32\SHELL32.dll
0x00007fff399e0000 - 0x00007fff39a89000 	C:\Windows\System32\shcore.dll
0x00007fff37580000 - 0x00007fff37cfb000 	C:\Windows\System32\windows.storage.dll
0x00007fff373e0000 - 0x00007fff373ff000 	C:\Windows\System32\profapi.dll
0x00007fff37400000 - 0x00007fff3744a000 	C:\Windows\System32\powrprof.dll
0x00007fff37390000 - 0x00007fff373a0000 	C:\Windows\System32\UMPDC.dll
0x00007fff38a80000 - 0x00007fff38ad2000 	C:\Windows\System32\shlwapi.dll
0x00007fff380f0000 - 0x00007fff38107000 	C:\Windows\System32\cryptsp.dll
0x00007fff28d00000 - 0x00007fff28d19000 	C:\Program Files\Java\jdk-11.0.4\bin\net.dll
0x00007fff29bf0000 - 0x00007fff29dc4000 	C:\Windows\SYSTEM32\urlmon.dll
0x00007fff2d360000 - 0x00007fff2d44f000 	C:\Windows\SYSTEM32\WINHTTP.dll
0x00007fff293f0000 - 0x00007fff29696000 	C:\Windows\SYSTEM32\iertutil.dll
0x00007fff36d70000 - 0x00007fff36d7c000 	C:\Windows\SYSTEM32\CRYPTBASE.DLL
0x00007fff36ba0000 - 0x00007fff36c07000 	C:\Windows\system32\mswsock.dll
0x00007fff28ce0000 - 0x00007fff28cf3000 	C:\Program Files\Java\jdk-11.0.4\bin\nio.dll
0x00007fff30eb0000 - 0x00007fff30eb9000 	C:\Program Files\Java\jdk-11.0.4\bin\management.dll
0x00007fff303a0000 - 0x00007fff303ac000 	C:\Program Files\Java\jdk-11.0.4\bin\management_ext.dll
0x00007fff2fa20000 - 0x00007fff2fa36000 	C:\Windows\system32\napinsp.dll
0x00007fff2c1e0000 - 0x00007fff2c1fa000 	C:\Windows\system32\pnrpnsp.dll
0x00007fff36940000 - 0x00007fff36a0a000 	C:\Windows\SYSTEM32\DNSAPI.dll
0x00007fff398e0000 - 0x00007fff398e8000 	C:\Windows\System32\NSI.dll
0x00007fff36900000 - 0x00007fff3693a000 	C:\Windows\SYSTEM32\IPHLPAPI.DLL
0x00007fff32810000 - 0x00007fff3281e000 	C:\Windows\System32\winrnr.dll
0x00007fff33630000 - 0x00007fff3364c000 	C:\Windows\system32\NLAapi.dll
0x00007fff32ab0000 - 0x00007fff32ac5000 	C:\Windows\system32\wshbth.dll
0x00007fff2d1d0000 - 0x00007fff2d1da000 	C:\Windows\System32\rasadhlp.dll
0x00007fff2d270000 - 0x00007fff2d2e7000 	C:\Windows\System32\fwpuclnt.dll
0x00007fff37d00000 - 0x00007fff37d26000 	C:\Windows\System32\bcrypt.dll
0x00007fff36760000 - 0x00007fff36793000 	C:\Windows\system32\rsaenh.dll
0x00007fff37280000 - 0x00007fff372a5000 	C:\Windows\SYSTEM32\USERENV.dll
0x00007fff2d200000 - 0x00007fff2d216000 	C:\Windows\SYSTEM32\dhcpcsvc6.DLL
0x00007fff2d1e0000 - 0x00007fff2d1fc000 	C:\Windows\SYSTEM32\dhcpcsvc.DLL

dbghelp: loaded successfully - version: 4.0.5 - missing functions: none
symbol engine: initialized successfully - sym options: 0x614 - pdb path: .;C:\Program Files\Java\jdk-11.0.4\bin;C:\Windows\SYSTEM32;C:\Windows\WinSxS\amd64_microsoft.windows.common-controls_6595b64144ccf1df_6.0.18362.145_none_e6c3ab8b131013d6;C:\Program Files\Java\jdk-11.0.4\bin\server

VM Arguments:
java_command: com.example.ARGOT.ArgotApplication
java_class_path (initial): C:\Users\Usuario\Documents\NetBeansProjects\ARGOT\target\classes;C:\Users\Usuario\.m2\repository\org\springframework\boot\spring-boot-starter-data-jpa\2.2.1.RELEASE\spring-boot-starter-data-jpa-2.2.1.RELEASE.jar;C:\Users\Usuario\.m2\repository\org\springframework\boot\spring-boot-starter-aop\2.2.1.RELEASE\spring-boot-starter-aop-2.2.1.RELEASE.jar;C:\Users\Usuario\.m2\repository\org\springframework\spring-aop\5.2.1.RELEASE\spring-aop-5.2.1.RELEASE.jar;C:\Users\Usuario\.m2\repository\org\aspectj\aspectjweaver\1.9.4\aspectjweaver-1.9.4.jar;C:\Users\Usuario\.m2\repository\org\springframework\boot\spring-boot-starter-jdbc\2.2.1.RELEASE\spring-boot-starter-jdbc-2.2.1.RELEASE.jar;C:\Users\Usuario\.m2\repository\com\zaxxer\HikariCP\3.4.1\HikariCP-3.4.1.jar;C:\Users\Usuario\.m2\repository\org\springframework\spring-jdbc\5.2.1.RELEASE\spring-jdbc-5.2.1.RELEASE.jar;C:\Users\Usuario\.m2\repository\jakarta\activation\jakarta.activation-api\1.2.1\jakarta.activation-api-1.2.1.jar;C:\Users\Usuario\.m2\repository\jakarta\persistence\jakarta.persistence-api\2.2.3\jakarta.persistence-api-2.2.3.jar;C:\Users\Usuario\.m2\repository\jakarta\transaction\jakarta.transaction-api\1.3.3\jakarta.transaction-api-1.3.3.jar;C:\Users\Usuario\.m2\repository\org\hibernate\hibernate-core\5.4.8.Final\hibernate-core-5.4.8.Final.jar;C:\Users\Usuario\.m2\repository\org\jboss\logging\jboss-logging\3.4.1.Final\jboss-logging-3.4.1.Final.jar;C:\Users\Usuario\.m2\repository\org\javassist\javassist\3.24.0-GA\javassist-3.24.0-GA.jar;C:\Users\Usuario\.m2\repository\net\bytebuddy\byte-buddy\1.10.2\byte-buddy-1.10.2.jar;C:\Users\Usuario\.m2\repository\antlr\antlr\2.7.7\antlr-2.7.7.jar;C:\Users\Usuario\.m2\repository\org\jboss\jandex\2.0.5.Final\jandex-2.0.5.Final.jar;C:\Users\Usuario\.m2\repository\com\fasterxml\classmate\1.5.1\classmate-1.5.1.jar;C:\Users\Usuario\.m2\repository\org\dom4j\dom4j\2.1.1\dom4j-2.1.1.jar;C:\Users\Usuario\.m2\repository\org\hibernate\common\hibernate-commons-
Launcher Type: SUN_STANDARD

[Global flags]
     intx CICompilerCount                          = 3                                         {product} {ergonomic}
     uint ConcGCThreads                            = 1                                         {product} {ergonomic}
     uint G1ConcRefinementThreads                  = 4                                         {product} {ergonomic}
   size_t G1HeapRegionSize                         = 1048576                                   {product} {ergonomic}
    uintx GCDrainStackTargetSize                   = 64                                        {product} {ergonomic}
   size_t InitialHeapSize                          = 134217728                                 {product} {ergonomic}
   size_t MarkStackSize                            = 4194304                                   {product} {ergonomic}
   size_t MaxHeapSize                              = 2118123520                                {product} {ergonomic}
   size_t MaxNewSize                               = 1270874112                                {product} {ergonomic}
   size_t MinHeapDeltaBytes                        = 1048576                                   {product} {ergonomic}
    uintx NonNMethodCodeHeapSize                   = 5830092                                {pd product} {ergonomic}
    uintx NonProfiledCodeHeapSize                  = 122914074                              {pd product} {ergonomic}
    uintx ProfiledCodeHeapSize                     = 122914074                              {pd product} {ergonomic}
    uintx ReservedCodeCacheSize                    = 251658240                              {pd product} {ergonomic}
     bool SegmentedCodeCache                       = true                                      {product} {ergonomic}
     bool UseCompressedClassPointers               = true                                 {lp64_product} {ergonomic}
     bool UseCompressedOops                        = true                                 {lp64_product} {ergonomic}
     bool UseG1GC                                  = true                                      {product} {ergonomic}
     bool UseLargePagesIndividualAllocation        = false                                  {pd product} {ergonomic}

Logging:
Log output configuration:
 #0: stdout all=warning uptime,level,tags
 #1: stderr all=off uptime,level,tags

Environment Variables:
JAVA_HOME=C:\Program Files\Java\jdk-11.0.4
CLASSPATH=.
PATH=C:\oraclexe\app\oracle\product\11.2.0\server\bin;;C:\Program Files (x86)\Common Files\Oracle\Java\javapath;C:\Python27\;C:\Python27\Scripts;C:\Windows\system32;C:\Windows;C:\Windows\System32\Wbem;C:\Windows\System32\WindowsPowerShell\v1.0\;C:\Windows\System32\OpenSSH\;C:\Program Files\Java\jdk-13.0.1\bin;C:\Program Files\nodejs\;C:\ProgramData\chocolatey\bin;C:\Program Files\Git\cmd;C:\Users\Usuario\AppData\Local\Microsoft\WindowsApps;C:\Users\Usuario\AppData\Local\Programs\Microsoft VS Code\bin;C:\Program Files\Java\jdk1.8.0_201\bin;C:\Users\Usuario\AppData\Roaming\npm;C:\Program Files\heroku\bin;C:\apache-maven-3.6.0\bin;
USERNAME=Usuario
OS=Windows_NT
PROCESSOR_IDENTIFIER=Intel64 Family 6 Model 58 Stepping 9, GenuineIntel



---------------  S Y S T E M  ---------------

OS: Windows 10 , 64 bit Build 18362 (10.0.18362.86)

CPU:total 4 (initial active 4) (2 cores per cpu, 2 threads per core) family 6 model 58 stepping 9, cmov, cx8, fxsr, mmx, sse, sse2, sse3, ssse3, sse4.1, sse4.2, popcnt, avx, aes, clmul, erms, ht, tsc, tscinvbit, tscinv

Memory: 4k page, system-wide physical 8077M (947M free)
TotalPageFile size 8077M (AvailPageFile size 5M)
current process WorkingSet (physical memory assigned to process): 273M, peak: 273M
current process commit charge ("private bytes"): 343M, peak: 345M

vm_info: Java HotSpot(TM) 64-Bit Server VM (11.0.4+10-LTS) for windows-amd64 JRE (11.0.4+10-LTS), built on Jul  4 2019 16:28:13 by "mach5one" with MS VC++ 15.5 (VS2017)

END.
