#
# There is insufficient memory for the Java Runtime Environment to continue.
# Native memory allocation (mmap) failed to map 134217728 bytes for Failed to commit area from 0x0000000081c00000 to 0x0000000089c00000 of length 134217728.
# Possible reasons:
#   The system is out of physical RAM or swap space
#   The process is running with CompressedOops enabled, and the Java Heap may be blocking the growth of the native heap
# Possible solutions:
#   Reduce memory load on the system
#   Increase physical memory or swap space
#   Check if swap backing store is full
#   Decrease Java heap size (-Xmx/-Xms)
#   Decrease number of Java threads
#   Decrease Java thread stack sizes (-Xss)
#   Set larger code cache with -XX:ReservedCodeCacheSize=
# This output file may be truncated or incomplete.
#
#  Out of Memory Error (t:/workspace/open/src/hotspot/os/windows/os_windows.cpp:3275), pid=8344, tid=6412
#
# JRE version:  (11.0.4+10) (build )
# Java VM: Java HotSpot(TM) 64-Bit Server VM (11.0.4+10-LTS, mixed mode, aot, sharing, tiered, compressed oops, g1 gc, windows-amd64)
# No core dump will be written. Minidumps are not enabled by default on client versions of Windows
#

---------------  S U M M A R Y ------------

Command Line: com.example.ARGOT.ArgotApplication

Host: Intel(R) Core(TM) i5-3210M CPU @ 2.50GHz, 4 cores, 7G,  Windows 10 , 64 bit Build 18362 (10.0.18362.86)
Time: Tue Dec 10 18:49:47 2019 Hora est. Pacífico, Sudamérica elapsed time: 0 seconds (0d 0h 0m 0s)

---------------  T H R E A D  ---------------

Current thread (0x000001da898f2000):  JavaThread "Unknown thread" [_thread_in_vm, id=6412, stack(0x000000d838e00000,0x000000d838f00000)]

Stack: [0x000000d838e00000,0x000000d838f00000]
Native frames: (J=compiled Java code, j=interpreted, Vv=VM code, C=native code)
V  [jvm.dll+0x635bda]
V  [jvm.dll+0x77360f]
V  [jvm.dll+0x774cba]
V  [jvm.dll+0x775373]
V  [jvm.dll+0x25e668]
V  [jvm.dll+0x63306a]
V  [jvm.dll+0x627ab5]
V  [jvm.dll+0x314f8c]
V  [jvm.dll+0x314e12]
V  [jvm.dll+0x31a676]
V  [jvm.dll+0x36676f]
V  [jvm.dll+0x366190]
V  [jvm.dll+0x2f1b18]
V  [jvm.dll+0x2f2c86]
V  [jvm.dll+0x74c777]
V  [jvm.dll+0x74debf]
V  [jvm.dll+0x3735a9]
V  [jvm.dll+0x732e09]
V  [jvm.dll+0x3e2c0d]
V  [jvm.dll+0x3e4ee1]
C  [java.exe+0x3607]
C  [java.exe+0x178dc]
C  [KERNEL32.DLL+0x17bd4]
C  [ntdll.dll+0x6ce71]


---------------  P R O C E S S  ---------------

Threads class SMR info:
_java_thread_list=0x000001da89719d80, length=0, elements={
}

Java Threads: ( => current thread )

Other Threads:
  0x000001da8990a800 GCTaskThread "GC Thread#0" [stack: 0x000000d838f00000,0x000000d839000000] [id=10052]
  0x000001da8993a800 ConcurrentGCThread "G1 Main Marker" [stack: 0x000000d839000000,0x000000d839100000] [id=6752]
  0x000001da8993c000 ConcurrentGCThread "G1 Conc#0" [stack: 0x000000d839100000,0x000000d839200000] [id=9400]

[error occurred during error reporting (printing all threads), id 0xc0000005, EXCEPTION_ACCESS_VIOLATION (0xc0000005) at pc=0x00007ff8af0f03e7]

VM state:not at safepoint (not fully initialized)

VM Mutex/Monitor currently owned by a thread:  ([mutex/lock_event])
[0x000001da898eeac0] Heap_lock - owner thread: 0x000001da898f2000

Heap address: 0x0000000081c00000, size: 2020 MB, Compressed Oops mode: Non-zero based: 0x0000000081c00000
Narrow klass base: 0x0000000000000000, Narrow klass shift: 0

GC Heap History (0 events):
No events

Deoptimization events (0 events):
No events

Classes redefined (0 events):
No events

Internal exceptions (0 events):
No events

Events (0 events):
No events


Dynamic libraries:
0x00007ff6728f0000 - 0x00007ff672937000 	C:\Program Files\Java\jdk-11.0.4\bin\java.exe
0x00007ff8d4980000 - 0x00007ff8d4b70000 	C:\Windows\SYSTEM32\ntdll.dll
0x00007ff8d4670000 - 0x00007ff8d4722000 	C:\Windows\System32\KERNEL32.DLL
0x00007ff8d1c00000 - 0x00007ff8d1ea3000 	C:\Windows\System32\KERNELBASE.dll
0x00007ff8d4890000 - 0x00007ff8d4933000 	C:\Windows\System32\ADVAPI32.dll
0x00007ff8d3810000 - 0x00007ff8d38ae000 	C:\Windows\System32\msvcrt.dll
0x00007ff8d45d0000 - 0x00007ff8d4667000 	C:\Windows\System32\sechost.dll
0x00007ff8d4350000 - 0x00007ff8d4470000 	C:\Windows\System32\RPCRT4.dll
0x00007ff8d2b20000 - 0x00007ff8d2cb3000 	C:\Windows\System32\USER32.dll
0x00007ff8d2a10000 - 0x00007ff8d2a31000 	C:\Windows\System32\win32u.dll
0x00007ff8d35a0000 - 0x00007ff8d35c6000 	C:\Windows\System32\GDI32.dll
0x00007ff8d1a60000 - 0x00007ff8d1bf4000 	C:\Windows\System32\gdi32full.dll
0x00007ff8d2060000 - 0x00007ff8d20fe000 	C:\Windows\System32\msvcp_win.dll
0x00007ff8d2190000 - 0x00007ff8d228a000 	C:\Windows\System32\ucrtbase.dll
0x00007ff8c3cc0000 - 0x00007ff8c3f45000 	C:\Windows\WinSxS\amd64_microsoft.windows.common-controls_6595b64144ccf1df_6.0.18362.145_none_e6c3ab8b131013d6\COMCTL32.dll
0x00007ff8c2680000 - 0x00007ff8c268a000 	C:\Windows\SYSTEM32\VERSION.dll
0x00007ff8d3f90000 - 0x00007ff8d42c6000 	C:\Windows\System32\combase.dll
0x00007ff8d1f80000 - 0x00007ff8d2001000 	C:\Windows\System32\bcryptPrimitives.dll
0x00007ff8d2a40000 - 0x00007ff8d2a6e000 	C:\Windows\System32\IMM32.DLL
0x00007ff8cec50000 - 0x00007ff8cec66000 	C:\Program Files\Java\jdk-11.0.4\bin\vcruntime140.dll
0x00007ff8c2980000 - 0x00007ff8c2a2a000 	C:\Program Files\Java\jdk-11.0.4\bin\msvcp140.dll
0x00007ff8aedf0000 - 0x00007ff8af917000 	C:\Program Files\Java\jdk-11.0.4\bin\server\jvm.dll
0x00007ff8d3130000 - 0x00007ff8d3138000 	C:\Windows\System32\PSAPI.DLL
0x00007ff8c0430000 - 0x00007ff8c0439000 	C:\Windows\SYSTEM32\WSOCK32.dll
0x00007ff8ce750000 - 0x00007ff8ce774000 	C:\Windows\SYSTEM32\WINMM.dll
0x00007ff8ce720000 - 0x00007ff8ce74d000 	C:\Windows\SYSTEM32\WINMMBASE.dll
0x00007ff8d2010000 - 0x00007ff8d205a000 	C:\Windows\System32\cfgmgr32.dll
0x00007ff8d3140000 - 0x00007ff8d31af000 	C:\Windows\System32\WS2_32.dll
0x00007ff8d1880000 - 0x00007ff8d1891000 	C:\Windows\System32\kernel.appcore.dll
0x00007ff8cbed0000 - 0x00007ff8cbee1000 	C:\Program Files\Java\jdk-11.0.4\bin\verify.dll
0x00007ff8bfb00000 - 0x00007ff8bfcf4000 	C:\Windows\SYSTEM32\DBGHELP.DLL
0x00007ff8c0680000 - 0x00007ff8c06aa000 	C:\Windows\SYSTEM32\dbgcore.DLL
0x00007ff8c9700000 - 0x00007ff8c9729000 	C:\Program Files\Java\jdk-11.0.4\bin\java.dll
0x00007ff8cb6b0000 - 0x00007ff8cb6c6000 	C:\Program Files\Java\jdk-11.0.4\bin\zip.dll
0x00007ff8cdd70000 - 0x00007ff8cdd7a000 	C:\Program Files\Java\jdk-11.0.4\bin\jimage.dll

dbghelp: loaded successfully - version: 4.0.5 - missing functions: none
symbol engine: initialized successfully - sym options: 0x614 - pdb path: .;C:\Program Files\Java\jdk-11.0.4\bin;C:\Windows\SYSTEM32;C:\Windows\WinSxS\amd64_microsoft.windows.common-controls_6595b64144ccf1df_6.0.18362.145_none_e6c3ab8b131013d6;C:\Program Files\Java\jdk-11.0.4\bin\server

VM Arguments:
java_command: com.example.ARGOT.ArgotApplication
java_class_path (initial): C:\Users\Usuario\Documents\NetBeansProjects\ARGOT\target\classes;C:\Users\Usuario\.m2\repository\org\springframework\boot\spring-boot-starter-data-jpa\2.2.1.RELEASE\spring-boot-starter-data-jpa-2.2.1.RELEASE.jar;C:\Users\Usuario\.m2\repository\org\springframework\boot\spring-boot-starter-aop\2.2.1.RELEASE\spring-boot-starter-aop-2.2.1.RELEASE.jar;C:\Users\Usuario\.m2\repository\org\springframework\spring-aop\5.2.1.RELEASE\spring-aop-5.2.1.RELEASE.jar;C:\Users\Usuario\.m2\repository\org\aspectj\aspectjweaver\1.9.4\aspectjweaver-1.9.4.jar;C:\Users\Usuario\.m2\repository\org\springframework\boot\spring-boot-starter-jdbc\2.2.1.RELEASE\spring-boot-starter-jdbc-2.2.1.RELEASE.jar;C:\Users\Usuario\.m2\repository\com\zaxxer\HikariCP\3.4.1\HikariCP-3.4.1.jar;C:\Users\Usuario\.m2\repository\org\springframework\spring-jdbc\5.2.1.RELEASE\spring-jdbc-5.2.1.RELEASE.jar;C:\Users\Usuario\.m2\repository\jakarta\activation\jakarta.activation-api\1.2.1\jakarta.activation-api-1.2.1.jar;C:\Users\Usuario\.m2\repository\jakarta\persistence\jakarta.persistence-api\2.2.3\jakarta.persistence-api-2.2.3.jar;C:\Users\Usuario\.m2\repository\jakarta\transaction\jakarta.transaction-api\1.3.3\jakarta.transaction-api-1.3.3.jar;C:\Users\Usuario\.m2\repository\org\hibernate\hibernate-core\5.4.8.Final\hibernate-core-5.4.8.Final.jar;C:\Users\Usuario\.m2\repository\org\jboss\logging\jboss-logging\3.4.1.Final\jboss-logging-3.4.1.Final.jar;C:\Users\Usuario\.m2\repository\org\javassist\javassist\3.24.0-GA\javassist-3.24.0-GA.jar;C:\Users\Usuario\.m2\repository\net\bytebuddy\byte-buddy\1.10.2\byte-buddy-1.10.2.jar;C:\Users\Usuario\.m2\repository\antlr\antlr\2.7.7\antlr-2.7.7.jar;C:\Users\Usuario\.m2\repository\org\jboss\jandex\2.0.5.Final\jandex-2.0.5.Final.jar;C:\Users\Usuario\.m2\repository\com\fasterxml\classmate\1.5.1\classmate-1.5.1.jar;C:\Users\Usuario\.m2\repository\org\dom4j\dom4j\2.1.1\dom4j-2.1.1.jar;C:\Users\Usuario\.m2\repository\org\hibernate\common\hibernate-commons-
Launcher Type: SUN_STANDARD

[Global flags]
     intx CICompilerCount                          = 3                                         {product} {ergonomic}
     uint ConcGCThreads                            = 1                                         {product} {ergonomic}
     uint G1ConcRefinementThreads                  = 4                                         {product} {ergonomic}
   size_t G1HeapRegionSize                         = 1048576                                   {product} {ergonomic}
    uintx GCDrainStackTargetSize                   = 64                                        {product} {ergonomic}
   size_t InitialHeapSize                          = 134217728                                 {product} {ergonomic}
   size_t MarkStackSize                            = 4194304                                   {product} {ergonomic}
   size_t MaxHeapSize                              = 2118123520                                {product} {ergonomic}
   size_t MinHeapDeltaBytes                        = 1048576                                   {product} {ergonomic}
    uintx NonNMethodCodeHeapSize                   = 5830092                                {pd product} {ergonomic}
    uintx NonProfiledCodeHeapSize                  = 122914074                              {pd product} {ergonomic}
    uintx ProfiledCodeHeapSize                     = 122914074                              {pd product} {ergonomic}
    uintx ReservedCodeCacheSize                    = 251658240                              {pd product} {ergonomic}
     bool SegmentedCodeCache                       = true                                      {product} {ergonomic}
     bool UseCompressedClassPointers               = true                                 {lp64_product} {ergonomic}
     bool UseCompressedOops                        = true                                 {lp64_product} {ergonomic}
     bool UseG1GC                                  = true                                      {product} {ergonomic}
     bool UseLargePagesIndividualAllocation        = false                                  {pd product} {ergonomic}

Logging:
Log output configuration:
 #0: stdout all=warning uptime,level,tags
 #1: stderr all=off uptime,level,tags

Environment Variables:
JAVA_HOME=C:\Program Files\Java\jdk-11.0.4
CLASSPATH=.
PATH=C:\oraclexe\app\oracle\product\11.2.0\server\bin;;C:\Program Files (x86)\Common Files\Oracle\Java\javapath;C:\Python27\;C:\Python27\Scripts;C:\Windows\system32;C:\Windows;C:\Windows\System32\Wbem;C:\Windows\System32\WindowsPowerShell\v1.0\;C:\Windows\System32\OpenSSH\;C:\Program Files\Java\jdk-13.0.1\bin;C:\Program Files\nodejs\;C:\ProgramData\chocolatey\bin;C:\Program Files\Git\cmd;C:\Users\Usuario\AppData\Local\Microsoft\WindowsApps;C:\Users\Usuario\AppData\Local\Programs\Microsoft VS Code\bin;C:\Program Files\Java\jdk1.8.0_201\bin;C:\Users\Usuario\AppData\Roaming\npm;C:\Program Files\heroku\bin;C:\apache-maven-3.6.0\bin;
USERNAME=Usuario
OS=Windows_NT
PROCESSOR_IDENTIFIER=Intel64 Family 6 Model 58 Stepping 9, GenuineIntel



---------------  S Y S T E M  ---------------

OS: Windows 10 , 64 bit Build 18362 (10.0.18362.86)

CPU:total 4 (initial active 4) (2 cores per cpu, 2 threads per core) family 6 model 58 stepping 9, cmov, cx8, fxsr, mmx, sse, sse2, sse3, ssse3, sse4.1, sse4.2, popcnt, avx, aes, clmul, erms, ht, tsc, tscinvbit, tscinv

Memory: 4k page, system-wide physical 8077M (1064M free)
TotalPageFile size 8077M (AvailPageFile size 131M)
current process WorkingSet (physical memory assigned to process): 9M, peak: 9M
current process commit charge ("private bytes"): 51M, peak: 179M

vm_info: Java HotSpot(TM) 64-Bit Server VM (11.0.4+10-LTS) for windows-amd64 JRE (11.0.4+10-LTS), built on Jul  4 2019 16:28:13 by "mach5one" with MS VC++ 15.5 (VS2017)

END.
